#
# A fatal error has been detected by the Java Runtime Environment:
#
#  EXCEPTION_ACCESS_VIOLATION (0xc0000005) at pc=0x00007ff81bdbcac8, pid=10536, tid=17528
#
# JRE version: OpenJDK Runtime Environment Temurin-17.0.11+9 (17.0.11+9) (build 17.0.11+9)
# Java VM: OpenJDK 64-Bit Server VM Temurin-17.0.11+9 (17.0.11+9, mixed mode, tiered, compressed oops, compressed class ptrs, parallel gc, windows-amd64)
# Problematic frame:
# V  [jvm.dll+0xcac8]
#
# No core dump will be written. Minidumps are not enabled by default on client versions of Windows
#
# If you would like to submit a bug report, please visit:
#   https://github.com/adoptium/adoptium-support/issues
#

---------------  S U M M A R Y ------------

Command Line: --add-modules=ALL-SYSTEM --add-opens=java.base/java.util=ALL-UNNAMED --add-opens=java.base/java.lang=ALL-UNNAMED --add-opens=java.base/sun.nio.fs=ALL-UNNAMED -Declipse.application=org.eclipse.jdt.ls.core.id1 -Dosgi.bundles.defaultStartLevel=4 -Declipse.product=org.eclipse.jdt.ls.core.product -Djava.import.generatesMetadataFilesAtProjectRoot=false -DDetectVMInstallationsJob.disabled=true -Dfile.encoding=utf8 -XX:+UseParallelGC -XX:GCTimeRatio=4 -XX:AdaptiveSizePolicyWeight=90 -Dsun.zip.disableMemoryMapping=true -Xmx1G -Xms100m -Xlog:disable -javaagent:c:\Users\SAI DASARATH\.vscode\extensions\redhat.java-1.33.0-win32-x64\lombok\lombok-1.18.33.jar -XX:+HeapDumpOnOutOfMemoryError -XX:HeapDumpPath=c:\Users\SAI DASARATH\AppData\Roaming\Code\User\workspaceStorage\c0ab4f3cbd9bf0287593def99e062e7a\redhat.java -Daether.dependencyCollector.impl=bf c:\Users\SAI DASARATH\.vscode\extensions\redhat.java-1.33.0-win32-x64\server\plugins\org.eclipse.equinox.launcher_1.6.900.v20240613-2009.jar -configuration c:\Users\SAI DASARATH\AppData\Roaming\Code\User\globalStorage\redhat.java\1.33.0\config_win -data c:\Users\SAI DASARATH\AppData\Roaming\Code\User\workspaceStorage\c0ab4f3cbd9bf0287593def99e062e7a\redhat.java\jdt_ws --pipe=\\.\pipe\lsp-f63b87f824c54d5a14eea511e701f23f-sock

Host: Intel(R) Core(TM) i5-1035G1 CPU @ 1.00GHz, 8 cores, 7G,  Windows 11 , 64 bit Build 22621 (10.0.22621.3958)
Time: Sat Aug 17 12:30:06 2024 India Standard Time elapsed time: 3683.312966 seconds (0d 1h 1m 23s)

---------------  T H R E A D  ---------------

Current thread (0x000002057a68d420):  GCTaskThread "GC Thread#1" [stack: 0x0000005eb8d00000,0x0000005eb8e00000] [id=17528]

Stack: [0x0000005eb8d00000,0x0000005eb8e00000],  sp=0x0000005eb8dff3f8,  free space=1020k
Native frames: (J=compiled Java code, j=interpreted, Vv=VM code, C=native code)
V  [jvm.dll+0xcac8]


siginfo: EXCEPTION_ACCESS_VIOLATION (0xc0000005), reading address 0x00000006271252c8


Registers:
RAX=0x0000000000000001, RBX=0x00000000c4e73e30, RCX=0x0000000000000003, RDX=0x00000000c4e73e30
RSP=0x0000005eb8dff3f8, RBP=0x0000005eb8dff4f0, RSI=0x00000000c4e7bd9c, RDI=0x0000020573c47d30
R8 =0x00000006271252c0, R9 =0x000000000002739f, R10=0x00000000c4e7bda0, R11=0x000000000000009c
R12=0x0000005eb7fff2e8, R13=0x0000000000000010, R14=0x00000001000624a8, R15=0x00000000c4e7bd80
RIP=0x00007ff81bdbcac8, EFLAGS=0x0000000000010206


Register to memory mapping:

RIP=0x00007ff81bdbcac8 jvm.dll
RAX=0x0000000000000001 is an unknown value
RBX=0x00000000c4e73e30 is pointing into object: java.lang.invoke.DirectMethodHandle$Constructor 
{0x00000000c4e73e28} - klass: 'java/lang/invoke/DirectMethodHandle$Constructor'
 - ---- fields (total size 5 words):
 - private 'customizationCount' 'B' @12  0
 - private volatile 'updateInProgress' 'Z' @13  false
 - private final 'type' 'Ljava/lang/invoke/MethodType;' @16  a 'java/lang/invoke/MethodType'{0x00000000c4e24a58} = (Lorg/eclipse/m2e/core/internal/builder/MavenBuilder$BuildMethod;Lorg/eclipse/m2e/core/project/IMavenProjectFacade;ILjava/util/Map;)Lorg/eclipse/m2e/core/embedder/ICallable; (c4e24a58)
 - final 'form' 'Ljava/lang/invoke/LambdaForm;' @20  a 'java/lang/invoke/LambdaForm'{0x00000000c08dbcd0} => a 'java/lang/invoke/MemberName'{0x00000000c08dbf08} = {method} {0x00000205754a0b00} 'newInvokeSpecial' '(Ljava/lang/Object;Ljava/lang/Object;Ljava/lang/Object;ILjava/lang/Object;)Ljava/lang/Object;' in 'java/lang/invoke/LambdaForm$DMH+0x0000000100282c00' (c08dbcd0)
 - 'asTypeCache' 'Ljava/lang/invoke/MethodHandle;' @24  NULL (0)
 - final 'crackable' 'Z' @14  false
 - final 'member' 'Ljava/lang/invoke/MemberName;' @28  a 'java/lang/invoke/MemberName'{0x00000000c4e73e50} = {method} {0x00000205094ae358} '<init>' '(Lorg/eclipse/m2e/core/internal/builder/MavenBuilder$BuildMethod;Lorg/eclipse/m2e/core/project/IMavenProjectFacade;ILjava/util/Map;)V' in 'org/eclipse/m2e/core/internal/builder/MavenBuilder$BuildMethod$$Lambda$691+0x000000010088f898' (c4e73e50)
 - final 'initMethod' 'Ljava/lang/invoke/MemberName;' @32  a 'java/lang/invoke/MemberName'{0x00000000c4e73e98} = {method} {0x00000205094ae358} '<init>' '(Lorg/eclipse/m2e/core/internal/builder/MavenBuilder$BuildMethod;Lorg/eclipse/m2e/core/project/IMavenProjectFacade;ILjava/util/Map;)V' in 'org/eclipse/m2e/core/internal/builder/MavenBuilder$BuildMethod$$Lambda$691+0x000000010088f898' (c4e73e98)
 - final 'instanceClass' 'Ljava/lang/Class;' @36  a 'java/lang/Class'{0x00000000c4e73090} = 'org/eclipse/m2e/core/internal/builder/MavenBuilder$BuildMethod$$Lambda$691+0x000000010088f898' (c4e73090)
RCX=0x0000000000000003 is an unknown value
RDX=0x00000000c4e73e30 is pointing into object: java.lang.invoke.DirectMethodHandle$Constructor 
{0x00000000c4e73e28} - klass: 'java/lang/invoke/DirectMethodHandle$Constructor'
 - ---- fields (total size 5 words):
 - private 'customizationCount' 'B' @12  0
 - private volatile 'updateInProgress' 'Z' @13  false
 - private final 'type' 'Ljava/lang/invoke/MethodType;' @16  a 'java/lang/invoke/MethodType'{0x00000000c4e24a58} = (Lorg/eclipse/m2e/core/internal/builder/MavenBuilder$BuildMethod;Lorg/eclipse/m2e/core/project/IMavenProjectFacade;ILjava/util/Map;)Lorg/eclipse/m2e/core/embedder/ICallable; (c4e24a58)
 - final 'form' 'Ljava/lang/invoke/LambdaForm;' @20  a 'java/lang/invoke/LambdaForm'{0x00000000c08dbcd0} => a 'java/lang/invoke/MemberName'{0x00000000c08dbf08} = {method} {0x00000205754a0b00} 'newInvokeSpecial' '(Ljava/lang/Object;Ljava/lang/Object;Ljava/lang/Object;ILjava/lang/Object;)Ljava/lang/Object;' in 'java/lang/invoke/LambdaForm$DMH+0x0000000100282c00' (c08dbcd0)
 - 'asTypeCache' 'Ljava/lang/invoke/MethodHandle;' @24  NULL (0)
 - final 'crackable' 'Z' @14  false
 - final 'member' 'Ljava/lang/invoke/MemberName;' @28  a 'java/lang/invoke/MemberName'{0x00000000c4e73e50} = {method} {0x00000205094ae358} '<init>' '(Lorg/eclipse/m2e/core/internal/builder/MavenBuilder$BuildMethod;Lorg/eclipse/m2e/core/project/IMavenProjectFacade;ILjava/util/Map;)V' in 'org/eclipse/m2e/core/internal/builder/MavenBuilder$BuildMethod$$Lambda$691+0x000000010088f898' (c4e73e50)
 - final 'initMethod' 'Ljava/lang/invoke/MemberName;' @32  a 'java/lang/invoke/MemberName'{0x00000000c4e73e98} = {method} {0x00000205094ae358} '<init>' '(Lorg/eclipse/m2e/core/internal/builder/MavenBuilder$BuildMethod;Lorg/eclipse/m2e/core/project/IMavenProjectFacade;ILjava/util/Map;)V' in 'org/eclipse/m2e/core/internal/builder/MavenBuilder$BuildMethod$$Lambda$691+0x000000010088f898' (c4e73e98)
 - final 'instanceClass' 'Ljava/lang/Class;' @36  a 'java/lang/Class'{0x00000000c4e73090} = 'org/eclipse/m2e/core/internal/builder/MavenBuilder$BuildMethod$$Lambda$691+0x000000010088f898' (c4e73090)
RSP=0x0000005eb8dff3f8 points into unknown readable memory: 0x00007ff81c460dc2 | c2 0d 46 1c f8 7f 00 00
RBP=0x0000005eb8dff4f0 points into unknown readable memory: 0x00007ff81c7611c8 | c8 11 76 1c f8 7f 00 00
RSI=0x00000000c4e7bd9c is pointing into object: java.util.concurrent.ConcurrentHashMap$Node 
{0x00000000c4e7bd80} - klass: 'java/util/concurrent/ConcurrentHashMap$Node'
 - ---- fields (total size 4 words):
 - final 'hash' 'I' @12  1543355620 (5bfdbce4)
 - final 'key' 'Ljava/lang/Object;' @16  a 'jdk/internal/jrtfs/JrtPath'{0x00000000c4e7bda0} (c4e7bda0)
 - volatile 'val' 'Ljava/lang/Object;' @20  
[error occurred during error reporting (printing register info), id 0xc0000005, EXCEPTION_ACCESS_VIOLATION (0xc0000005) at pc=0x00007ff81c419be3]

Top of Stack: (sp=0x0000005eb8dff3f8)
0x0000005eb8dff3f8:   00007ff81c460dc2 00000000c4e7bda0
0x0000005eb8dff408:   0000000000000004 0000005eb8dff4f0
0x0000005eb8dff418:   00007ff81c45fbd9 0000020573c47d30
0x0000005eb8dff428:   00007ff81c45e672 00000000c4e73e30
0x0000005eb8dff438:   00007ff81c46045e 00000000c9520ba8
0x0000005eb8dff448:   00007ff81c45f91f 00000001000624a0
0x0000005eb8dff458:   00007ff81c45eeee 00000000c4e7bd94
0x0000005eb8dff468:   00007ff81c4607a4 00007ff81c8dc7c0
0x0000005eb8dff478:   0000005eb7fff2e8 0000000000000000
0x0000005eb8dff488:   00007ff81c8dc7c0 000000000001620a
0x0000005eb8dff498:   00007ff81c4607a4 00007ff81c7611c8
0x0000005eb8dff4a8:   0000020573c47d30 00007ff81c6cbb80
0x0000005eb8dff4b8:   00000000c06ea8c8 0000000000000000
0x0000005eb8dff4c8:   0000020500000000 0000020500000003
0x0000005eb8dff4d8:   0000020573c47d30 0000000000000000
0x0000005eb8dff4e8:   0000000000000000 00007ff81c7611c8
0x0000005eb8dff4f8:   000002055fdfa190 0000020500000003
0x0000005eb8dff508:   0000020573c47d30 0000000000000000
0x0000005eb8dff518:   0000000000000000 0000000000000007
0x0000005eb8dff528:   00000000c4da8348 00000000c4da8348
0x0000005eb8dff538:   000000000000000c 0000020573c47d30
0x0000005eb8dff548:   00007ff81c468dfc 00000000c4a13fa0
0x0000005eb8dff558:   00000000c4da8344 0000020573c47d30
0x0000005eb8dff568:   00000000c4a13fa0 00000000c4d78338
0x0000005eb8dff578:   0000005e0000b800 00007ff81c7619b8
0x0000005eb8dff588:   0000005eb7fff1a0 0000000000000000
0x0000005eb8dff598:   0000000000000000 0000000000000007
0x0000005eb8dff5a8:   0000005eb7fff2e0 0000005eb7fff2a8
0x0000005eb8dff5b8:   0000005eb7fff1a0 0000005eb7fff1a0
0x0000005eb8dff5c8:   00007ff81c469dfa 0000000000000005
0x0000005eb8dff5d8:   0000005eb8dff650 0000000000000000
0x0000005eb8dff5e8:   000002057a68d420 0000005eb7fff540 

Instructions: (pc=0x00007ff81bdbcac8)
0x00007ff81bdbc9c8:   48 83 c4 20 5e c3 cc cc 48 8b 01 c3 cc cc cc cc
0x00007ff81bdbc9d8:   cc cc cc cc cc cc cc cc 4c 8b 01 4c 8b c9 48 8b
0x00007ff81bdbc9e8:   0d 23 61 b6 00 ba 44 60 08 00 e9 d9 f1 ff ff cc
0x00007ff81bdbc9f8:   cc cc cc cc cc cc cc cc 48 89 5c 24 08 57 48 83
0x00007ff81bdbca08:   ec 20 48 8b 39 48 8b d9 48 85 3d 41 4a bb 00 75
0x00007ff81bdbca18:   0e 48 8b c7 48 8b 5c 24 30 48 83 c4 20 5f c3 48
0x00007ff81bdbca28:   8b cf e8 f1 99 85 00 48 8b d0 48 85 c0 74 20 48
0x00007ff81bdbca38:   8b c7 f0 48 0f b1 13 74 16 48 85 05 10 4a bb 00
0x00007ff81bdbca48:   74 0d 48 8b c8 f0 48 0f b1 13 48 3b c1 75 ea 48
0x00007ff81bdbca58:   8b 5c 24 30 48 8b c2 48 83 c4 20 5f c3 cc cc cc
0x00007ff81bdbca68:   cc cc cc cc cc cc cc cc 4c 8b 01 4c 8b c9 48 8b
0x00007ff81bdbca78:   0d 93 60 b6 00 ba 64 60 08 00 e9 49 f1 ff ff cc
0x00007ff81bdbca88:   cc cc cc cc cc cc cc cc 8b 05 62 a8 b0 00 c3 cc
0x00007ff81bdbca98:   cc cc cc cc cc cc cc cc 0f b6 05 c0 68 b7 00 48
0x00007ff81bdbcaa8:   8b d1 84 c0 74 16 44 8b 41 08 8b 0d 40 a8 b0 00
0x00007ff81bdbcab8:   49 d3 e0 4c 03 05 2e a8 b0 00 eb 04 4c 8b 41 08
0x00007ff81bdbcac8:   45 8b 50 08 45 85 d2 7e 0e 41 f6 c2 01 75 53 41
0x00007ff81bdbcad8:   c1 fa 03 41 8b c2 c3 79 49 84 c0 b9 10 00 00 00
0x00007ff81bdbcae8:   8b 05 46 b7 b0 00 41 b8 0c 00 00 00 41 0f 45 c8
0x00007ff81bdbcaf8:   ff c8 4c 63 c8 48 63 14 11 41 8b ca 83 e1 3f 48
0x00007ff81bdbcb08:   d3 e2 41 8b ca 48 c1 f9 10 0f b6 c1 49 8d 0c 11
0x00007ff81bdbcb18:   49 f7 d1 48 03 c1 49 c1 e9 03 48 c1 e8 03 41 23
0x00007ff81bdbcb28:   c1 c3 49 8b 00 49 8b c8 48 ff a0 00 01 00 00 cc
0x00007ff81bdbcb38:   cc cc cc cc cc cc cc cc 8b 44 24 30 45 03 c9 44
0x00007ff81bdbcb48:   2b 4c 24 28 83 c0 0b 44 03 ca 45 03 c8 41 03 c1
0x00007ff81bdbcb58:   c3 cc cc cc cc cc cc cc 4c 8b ca 48 8b d1 45 8b
0x00007ff81bdbcb68:   41 08 45 85 c0 7e 0e 41 f6 c0 01 75 56 41 c1 f8
0x00007ff81bdbcb78:   03 41 8b c0 c3 79 4c 80 3d e1 67 b7 00 00 b8 0c
0x00007ff81bdbcb88:   00 00 00 b9 10 00 00 00 0f 45 c8 8b 05 9b b6 b0
0x00007ff81bdbcb98:   00 ff c8 4c 63 c8 48 63 14 11 41 8b c8 83 e1 3f
0x00007ff81bdbcba8:   48 d3 e2 41 8b c8 48 c1 f9 10 0f b6 c1 49 8d 0c
0x00007ff81bdbcbb8:   11 49 f7 d1 48 03 c1 49 c1 e9 03 48 c1 e8 03 41 


Stack slot to memory mapping:
stack at sp + 0 slots: 0x00007ff81c460dc2 jvm.dll
stack at sp + 1 slots: 0x00000000c4e7bda0 is an oop: jdk.internal.jrtfs.JrtPath 
{0x00000000c4e7bda0} - klass: 'jdk/internal/jrtfs/JrtPath'
 - ---- fields (total size 4 words):
 - final 'jrtfs' 'Ljdk/internal/jrtfs/JrtFileSystem;' @12  a 'jdk/internal/jrtfs/JrtFileSystem'{0x00000000c1428840} (c1428840)
 - private final 'path' 'Ljava/lang/String;' @16  "/modules/jdk.localedata/sun/util/resources/ext/CurrencyNames_ko_KR.class"{0x00000000c4e7bdc0} (c4e7bdc0)
 - private volatile 'offsets' '[I' @20  NULL (0)
 - private volatile 'resolved' 'Ljava/lang/String;' @24  "/modules/jdk.localedata/sun/util/resources/ext/CurrencyNames_ko_KR.class"{0x00000000c4e7bdc0} (c4e7bdc0)
stack at sp + 2 slots: 0x0000000000000004 is an unknown value
stack at sp + 3 slots: 0x0000005eb8dff4f0 points into unknown readable memory: 0x00007ff81c7611c8 | c8 11 76 1c f8 7f 00 00
stack at sp + 4 slots: 0x00007ff81c45fbd9 jvm.dll
stack at sp + 5 slots: 0x0000020573c47d30 points into unknown readable memory: 0x000002055da70150 | 50 01 a7 5d 05 02 00 00
stack at sp + 6 slots: 0x00007ff81c45e672 jvm.dll
stack at sp + 7 slots: 0x00000000c4e73e30 is pointing into object: java.lang.invoke.DirectMethodHandle$Constructor 
{0x00000000c4e73e28} - klass: 'java/lang/invoke/DirectMethodHandle$Constructor'
 - ---- fields (total size 5 words):
 - private 'customizationCount' 'B' @12  0
 - private volatile 'updateInProgress' 'Z' @13  false
 - private final 'type' 'Ljava/lang/invoke/MethodType;' @16  a 'java/lang/invoke/MethodType'{0x00000000c4e24a58} = (Lorg/eclipse/m2e/core/internal/builder/MavenBuilder$BuildMethod;Lorg/eclipse/m2e/core/project/IMavenProjectFacade;ILjava/util/Map;)Lorg/eclipse/m2e/core/embedder/ICallable; (c4e24a58)
 - final 'form' 'Ljava/lang/invoke/LambdaForm;' @20  a 'java/lang/invoke/LambdaForm'{0x00000000c08dbcd0} => a 'java/lang/invoke/MemberName'{0x00000000c08dbf08} = {method} {0x00000205754a0b00} 'newInvokeSpecial' '(Ljava/lang/Object;Ljava/lang/Object;Ljava/lang/Object;ILjava/lang/Object;)Ljava/lang/Object;' in 'java/lang/invoke/LambdaForm$DMH+0x0000000100282c00' (c08dbcd0)
 - 'asTypeCache' 'Ljava/lang/invoke/MethodHandle;' @24  NULL (0)
 - final 'crackable' 'Z' @14  false
 - final 'member' 'Ljava/lang/invoke/MemberName;' @28  a 'java/lang/invoke/MemberName'{0x00000000c4e73e50} = {method} {0x00000205094ae358} '<init>' '(Lorg/eclipse/m2e/core/internal/builder/MavenBuilder$BuildMethod;Lorg/eclipse/m2e/core/project/IMavenProjectFacade;ILjava/util/Map;)V' in 'org/eclipse/m2e/core/internal/builder/MavenBuilder$BuildMethod$$Lambda$691+0x000000010088f898' (c4e73e50)
 - final 'initMethod' 'Ljava/lang/invoke/MemberName;' @32  a 'java/lang/invoke/MemberName'{0x00000000c4e73e98} = {method} {0x00000205094ae358} '<init>' '(Lorg/eclipse/m2e/core/internal/builder/MavenBuilder$BuildMethod;Lorg/eclipse/m2e/core/project/IMavenProjectFacade;ILjava/util/Map;)V' in 'org/eclipse/m2e/core/internal/builder/MavenBuilder$BuildMethod$$Lambda$691+0x000000010088f898' (c4e73e98)
 - final 'instanceClass' 'Ljava/lang/Class;' @36  a 'java/lang/Class'{0x00000000c4e73090} = 'org/eclipse/m2e/core/internal/builder/MavenBuilder$BuildMethod$$Lambda$691+0x000000010088f898' (c4e73090)


---------------  P R O C E S S  ---------------

Threads class SMR info:
_java_thread_list=0x000002057daeb300, length=61, elements={
0x000002055fde22e0, 0x0000020573c61020, 0x0000020573c650b0, 0x0000020573c6d020,
0x0000020573c6d8f0, 0x0000020573c6ea60, 0x0000020578d284b0, 0x0000020578d2f650,
0x0000020578d3a730, 0x0000020578d55050, 0x0000020578e4c390, 0x0000020579f7c570,
0x000002057a4ff350, 0x000002057a9fce60, 0x000002057a2142d0, 0x000002057a810090,
0x000002057a02b170, 0x000002057a445d10, 0x000002057a4452f0, 0x000002057a4443c0,
0x000002057a442f80, 0x000002057a444de0, 0x000002057a5a5d30, 0x000002057a5a6750,
0x000002057a5a80a0, 0x000002057a5a2070, 0x000002057a5a5820, 0x000002057a5a39c0,
0x000002057a5a7170, 0x000002057a5a3ed0, 0x000002057a5a7b90, 0x000002057a5a85b0,
0x000002057c1d6f90, 0x000002057c1d88e0, 0x000002057c1dc090, 0x000002057c1d83d0,
0x000002057c1d9300, 0x000002057c1dcfc0, 0x000002057c1d9810, 0x000002057a5a2fa0,
0x000002057a5a48f0, 0x000002057a5a43e0, 0x000002057c1d7ec0, 0x000002057d7c4960,
0x000002057d7c9550, 0x000002057d7c5380, 0x000002057d7c62b0, 0x000002057c1d9d20,
0x000002057d7c5890, 0x000002057dfc4620, 0x000002057dfc1890, 0x000002057dfc6480,
0x000002057dfc31e0, 0x000002057dfc6990, 0x000002057dfc5a60, 0x000002057dfbff40,
0x000002057dfc4b30, 0x000002057dfc5040, 0x000002057dfc5550, 0x000002057dfc1da0,
0x000002057dfc6ea0
}

Java Threads: ( => current thread )
  0x000002055fde22e0 JavaThread "main" [_thread_blocked, id=8168, stack(0x0000005eb7d00000,0x0000005eb7e00000)]
  0x0000020573c61020 JavaThread "Reference Handler" daemon [_thread_blocked, id=24148, stack(0x0000005eb8000000,0x0000005eb8100000)]
  0x0000020573c650b0 JavaThread "Finalizer" daemon [_thread_blocked, id=14928, stack(0x0000005eb8100000,0x0000005eb8200000)]
  0x0000020573c6d020 JavaThread "Signal Dispatcher" daemon [_thread_blocked, id=13496, stack(0x0000005eb8200000,0x0000005eb8300000)]
  0x0000020573c6d8f0 JavaThread "Attach Listener" daemon [_thread_blocked, id=10256, stack(0x0000005eb8300000,0x0000005eb8400000)]
  0x0000020573c6ea60 JavaThread "Service Thread" daemon [_thread_blocked, id=22308, stack(0x0000005eb8400000,0x0000005eb8500000)]
  0x0000020578d284b0 JavaThread "Monitor Deflation Thread" daemon [_thread_blocked, id=8072, stack(0x0000005eb8500000,0x0000005eb8600000)]
  0x0000020578d2f650 JavaThread "C2 CompilerThread0" daemon [_thread_blocked, id=11700, stack(0x0000005eb8600000,0x0000005eb8700000)]
  0x0000020578d3a730 JavaThread "C1 CompilerThread0" daemon [_thread_blocked, id=3256, stack(0x0000005eb8700000,0x0000005eb8800000)]
  0x0000020578d55050 JavaThread "Sweeper thread" daemon [_thread_blocked, id=16180, stack(0x0000005eb8800000,0x0000005eb8900000)]
  0x0000020578e4c390 JavaThread "Common-Cleaner" daemon [_thread_blocked, id=6268, stack(0x0000005eb8900000,0x0000005eb8a00000)]
  0x0000020579f7c570 JavaThread "Notification Thread" daemon [_thread_blocked, id=14476, stack(0x0000005eb8b00000,0x0000005eb8c00000)]
  0x000002057a4ff350 JavaThread "Active Thread: Equinox Container: fc628d71-c443-40ab-bed4-565ccb08d112" [_thread_blocked, id=2612, stack(0x0000005eb9300000,0x0000005eb9400000)]
  0x000002057a9fce60 JavaThread "Framework Event Dispatcher: Equinox Container: fc628d71-c443-40ab-bed4-565ccb08d112" daemon [_thread_blocked, id=22580, stack(0x0000005eb8a00000,0x0000005eb8b00000)]
  0x000002057a2142d0 JavaThread "Start Level: Equinox Container: fc628d71-c443-40ab-bed4-565ccb08d112" daemon [_thread_blocked, id=1904, stack(0x0000005eb9400000,0x0000005eb9500000)]
  0x000002057a810090 JavaThread "Bundle File Closer" daemon [_thread_blocked, id=17188, stack(0x0000005eb9700000,0x0000005eb9800000)]
  0x000002057a02b170 JavaThread "SCR Component Actor" daemon [_thread_blocked, id=25660, stack(0x0000005eb9600000,0x0000005eb9700000)]
  0x000002057a445d10 JavaThread "Worker-JM" [_thread_blocked, id=22080, stack(0x0000005eb9900000,0x0000005eb9a00000)]
  0x000002057a4452f0 JavaThread "JNA Cleaner" daemon [_thread_blocked, id=17912, stack(0x0000005eb9a00000,0x0000005eb9b00000)]
  0x000002057a4443c0 JavaThread "Java indexing" daemon [_thread_blocked, id=2140, stack(0x0000005eb9d00000,0x0000005eb9e00000)]
  0x000002057a442f80 JavaThread "Thread-2" daemon [_thread_in_native, id=8144, stack(0x0000005eba000000,0x0000005eba100000)]
  0x000002057a444de0 JavaThread "Thread-3" daemon [_thread_in_native, id=19828, stack(0x0000005eba100000,0x0000005eba200000)]
  0x000002057a5a5d30 JavaThread "Thread-4" daemon [_thread_in_native, id=3912, stack(0x0000005eba200000,0x0000005eba300000)]
  0x000002057a5a6750 JavaThread "Thread-5" daemon [_thread_in_native, id=18216, stack(0x0000005eba300000,0x0000005eba400000)]
  0x000002057a5a80a0 JavaThread "Thread-6" daemon [_thread_in_native, id=19968, stack(0x0000005eba400000,0x0000005eba500000)]
  0x000002057a5a2070 JavaThread "Thread-7" daemon [_thread_in_native, id=5816, stack(0x0000005eba500000,0x0000005eba600000)]
  0x000002057a5a5820 JavaThread "Thread-8" daemon [_thread_in_native, id=5324, stack(0x0000005eba600000,0x0000005eba700000)]
  0x000002057a5a39c0 JavaThread "Thread-9" daemon [_thread_in_native, id=22716, stack(0x0000005eba700000,0x0000005eba800000)]
  0x000002057a5a7170 JavaThread "Thread-10" daemon [_thread_blocked, id=11108, stack(0x0000005eba800000,0x0000005eba900000)]
  0x000002057a5a3ed0 JavaThread "pool-2-thread-1" [_thread_blocked, id=17444, stack(0x0000005eba900000,0x0000005ebaa00000)]
  0x000002057a5a7b90 JavaThread "WorkspaceEventsHandler" [_thread_blocked, id=7736, stack(0x0000005ebaa00000,0x0000005ebab00000)]
  0x000002057a5a85b0 JavaThread "pool-1-thread-1" [_thread_blocked, id=18308, stack(0x0000005ebab00000,0x0000005ebac00000)]
  0x000002057c1d6f90 JavaThread "Compiler Source File Reader" daemon [_thread_blocked, id=23900, stack(0x0000005ebb500000,0x0000005ebb600000)]
  0x000002057c1d88e0 JavaThread "Compiler Source File Reader" daemon [_thread_blocked, id=21060, stack(0x0000005ebb600000,0x0000005ebb700000)]
  0x000002057c1dc090 JavaThread "Compiler Source File Reader" daemon [_thread_blocked, id=15276, stack(0x0000005ebb700000,0x0000005ebb800000)]
  0x000002057c1d83d0 JavaThread "Cleaner-0" daemon [_thread_blocked, id=1444, stack(0x0000005ebbb00000,0x0000005ebbc00000)]
  0x000002057c1d9300 JavaThread "Compiler Source File Reader" daemon [_thread_blocked, id=12152, stack(0x0000005eb7c00000,0x0000005eb7d00000)]
  0x000002057c1dcfc0 JavaThread "Compiler Source File Reader" daemon [_thread_blocked, id=16172, stack(0x0000005ebbc00000,0x0000005ebbd00000)]
  0x000002057c1d9810 JavaThread "Compiler Source File Reader" daemon [_thread_blocked, id=17176, stack(0x0000005ebbe00000,0x0000005ebbf00000)]
  0x000002057a5a2fa0 JavaThread "Java Debug Server" daemon [_thread_in_native, id=14720, stack(0x0000005ebb300000,0x0000005ebb400000)]
  0x000002057a5a48f0 JavaThread "RxSchedulerPurge-1" daemon [_thread_blocked, id=3888, stack(0x0000005ebb800000,0x0000005ebb900000)]
  0x000002057a5a43e0 JavaThread "RxCachedWorkerPoolEvictor-1" daemon [_thread_blocked, id=3164, stack(0x0000005ebb900000,0x0000005ebba00000)]
  0x000002057c1d7ec0 JavaThread "ForkJoinPool.commonPool-worker-18" daemon [_thread_blocked, id=13284, stack(0x0000005ebac00000,0x0000005ebad00000)]
  0x000002057d7c4960 JavaThread "Worker-26" [_thread_blocked, id=5780, stack(0x0000005eb7a00000,0x0000005eb7b00000)]
  0x000002057d7c9550 JavaThread "ForkJoinPool.commonPool-worker-21" daemon [_thread_blocked, id=3944, stack(0x0000005eb7b00000,0x0000005eb7c00000)]
  0x000002057d7c5380 JavaThread "ForkJoinPool.commonPool-worker-22" daemon [_thread_blocked, id=25028, stack(0x0000005eb9800000,0x0000005eb9900000)]
  0x000002057d7c62b0 JavaThread "ForkJoinPool.commonPool-worker-23" daemon [_thread_blocked, id=15924, stack(0x0000005eb9b00000,0x0000005eb9c00000)]
  0x000002057c1d9d20 JavaThread "Worker-29" [_thread_blocked, id=11628, stack(0x0000005ebb100000,0x0000005ebb200000)]
  0x000002057d7c5890 JavaThread "ForkJoinPool.commonPool-worker-25" daemon [_thread_blocked, id=8320, stack(0x0000005eb9c00000,0x0000005eb9d00000)]
  0x000002057dfc4620 JavaThread "ForkJoinPool.commonPool-worker-26" daemon [_thread_blocked, id=15560, stack(0x0000005ebb000000,0x0000005ebb100000)]
  0x000002057dfc1890 JavaThread "pool-5-thread-2" [_thread_in_native, id=25756, stack(0x0000005ebb400000,0x0000005ebb500000)]
  0x000002057dfc6480 JavaThread "RxNewThreadScheduler-3" daemon [_thread_blocked, id=20368, stack(0x0000005ebc000000,0x0000005ebc100000)]
  0x000002057dfc31e0 JavaThread "process reaper (pid 4552)" daemon [_thread_in_native, id=9600, stack(0x0000005eb77d0000,0x0000005eb77f0000)]
  0x000002057dfc6990 JavaThread "ForkJoinPool.commonPool-worker-27" daemon [_thread_blocked, id=17048, stack(0x0000005eb9e00000,0x0000005eb9f00000)]
  0x000002057dfc5a60 JavaThread "Worker-35" [_thread_blocked, id=16744, stack(0x0000005eb9f00000,0x0000005eba000000)]
  0x000002057dfbff40 JavaThread "Compiler Processing Task" daemon [_thread_blocked, id=7196, stack(0x0000005ebad00000,0x0000005ebae00000)]
  0x000002057dfc4b30 JavaThread "Worker-36" [_thread_blocked, id=11040, stack(0x0000005ebae00000,0x0000005ebaf00000)]
  0x000002057dfc5040 JavaThread "pool-1-thread-14" [_thread_blocked, id=24332, stack(0x0000005ebaf00000,0x0000005ebb000000)]
  0x000002057dfc5550 JavaThread "ForkJoinPool.commonPool-worker-28" daemon [_thread_blocked, id=4716, stack(0x0000005ebb200000,0x0000005ebb300000)]
  0x000002057dfc1da0 JavaThread "Worker-37" [_thread_blocked, id=9400, stack(0x0000005ebba00000,0x0000005ebbb00000)]
  0x000002057dfc6ea0 JavaThread "Worker-38" [_thread_blocked, id=11288, stack(0x0000005ebbd00000,0x0000005ebbe00000)]

Other Threads:
  0x0000020573b57590 VMThread "VM Thread" [stack: 0x0000005eb7f00000,0x0000005eb8000000] [id=4192]
  0x000002057908e270 WatcherThread [stack: 0x0000005eb8c00000,0x0000005eb8d00000] [id=5084]
  0x000002055fdf7650 GCTaskThread "GC Thread#0" [stack: 0x0000005eb7e00000,0x0000005eb7f00000] [id=15748]
=>0x000002057a68d420 GCTaskThread "GC Thread#1" [stack: 0x0000005eb8d00000,0x0000005eb8e00000] [id=17528]
  0x0000020579fe3dc0 GCTaskThread "GC Thread#2" [stack: 0x0000005eb8e00000,0x0000005eb8f00000] [id=23336]
  0x0000020579fe4080 GCTaskThread "GC Thread#3" [stack: 0x0000005eb8f00000,0x0000005eb9000000] [id=10620]
  0x0000020579fe4340 GCTaskThread "GC Thread#4" [stack: 0x0000005eb9000000,0x0000005eb9100000] [id=840]
  0x0000020579fe4600 GCTaskThread "GC Thread#5" [stack: 0x0000005eb9100000,0x0000005eb9200000] [id=9176]
  0x000002057a382780 GCTaskThread "GC Thread#6" [stack: 0x0000005eb9200000,0x0000005eb9300000] [id=7800]
  0x00000205790405a0 GCTaskThread "GC Thread#7" [stack: 0x0000005eb9500000,0x0000005eb9600000] [id=10692]

Threads with active compile tasks:

VM state: at safepoint (normal execution)

VM Mutex/Monitor currently owned by a thread:  ([mutex/lock_event])
[0x000002055fddf7b0] Threads_lock - owner thread: 0x0000020573b57590
[0x000002055fdddb90] Heap_lock - owner thread: 0x000002057a4443c0

Heap address: 0x00000000c0000000, size: 1024 MB, Compressed Oops mode: 32-bit

CDS archive(s) not mapped
Compressed class space mapped at: 0x0000000100000000-0x0000000140000000, reserved size: 1073741824
Narrow klass base: 0x0000000000000000, Narrow klass shift: 3, Narrow klass range: 0x140000000

GC Precious Log:
 CPUs: 8 total, 8 available
 Memory: 7969M
 Large Page Support: Disabled
 NUMA Support: Disabled
 Compressed Oops: Enabled (32-bit)
 Alignments: Space 512K, Generation 512K, Heap 2M
 Heap Min Capacity: 100M
 Heap Initial Capacity: 100M
 Heap Max Capacity: 1G
 Pre-touch: Disabled
 Parallel Workers: 8

Heap:
 PSYoungGen      total 4608K, used 4087K [0x00000000eab00000, 0x00000000ec280000, 0x0000000100000000)
  eden space 512K, 0% used [0x00000000eab00000,0x00000000eab00000,0x00000000eab80000)
  from space 4096K, 99% used [0x00000000eb480000,0x00000000eb87dc80,0x00000000eb880000)
  to   space 9216K, 0% used [0x00000000eab80000,0x00000000eab80000,0x00000000eb480000)
 ParOldGen       total 329216K, used 327003K [0x00000000c0000000, 0x00000000d4180000, 0x00000000eab00000)
  object space 329216K, 99% used [0x00000000c0000000,0x00000000d3f56df8,0x00000000d4180000)
 Metaspace       used 112130K, committed 113728K, reserved 1179648K
  class space    used 11271K, committed 12032K, reserved 1048576K

Card table byte_map: [0x000002055f770000,0x000002055f980000] _byte_map_base: 0x000002055f170000

Marking Bits: (ParMarkBitMap*) 0x00007ff81c94d820
 Begin Bits: [0x0000020571a70000, 0x0000020572a70000)
 End Bits:   [0x0000020572a70000, 0x0000020573a70000)

Polling page: 0x000002055dd30000

Metaspace:

Usage:
  Non-class:     98.50 MB used.
      Class:     11.01 MB used.
       Both:    109.50 MB used.

Virtual space:
  Non-class space:      128.00 MB reserved,      99.31 MB ( 78%) committed,  2 nodes.
      Class space:        1.00 GB reserved,      11.75 MB (  1%) committed,  1 nodes.
             Both:        1.12 GB reserved,     111.06 MB ( 10%) committed. 

Chunk freelists:
   Non-Class:  11.78 MB
       Class:  4.19 MB
        Both:  15.98 MB

MaxMetaspaceSize: unlimited
CompressedClassSpaceSize: 1.00 GB
Initial GC threshold: 21.00 MB
Current GC threshold: 184.81 MB
CDS: off
MetaspaceReclaimPolicy: balanced
 - commit_granule_bytes: 65536.
 - commit_granule_words: 8192.
 - virtual_space_node_default_size: 8388608.
 - enlarge_chunks_in_place: 1.
 - new_chunks_are_fully_committed: 0.
 - uncommit_free_chunks: 1.
 - use_allocation_guard: 0.
 - handle_deallocations: 1.


Internal statistics:

num_allocs_failed_limit: 9.
num_arena_births: 1564.
num_arena_deaths: 500.
num_vsnodes_births: 3.
num_vsnodes_deaths: 0.
num_space_committed: 1777.
num_space_uncommitted: 0.
num_chunks_returned_to_freelist: 600.
num_chunks_taken_from_freelist: 6856.
num_chunk_merges: 214.
num_chunk_splits: 3935.
num_chunks_enlarged: 2055.
num_inconsistent_stats: 0.

CodeHeap 'non-profiled nmethods': size=120000Kb used=28470Kb max_used=28470Kb free=91529Kb
 bounds [0x000002056a540000, 0x000002056c110000, 0x0000020571a70000]
CodeHeap 'profiled nmethods': size=120000Kb used=51037Kb max_used=51037Kb free=68962Kb
 bounds [0x0000020562a70000, 0x0000020565c60000, 0x0000020569fa0000]
CodeHeap 'non-nmethods': size=5760Kb used=1531Kb max_used=1637Kb free=4228Kb
 bounds [0x0000020569fa0000, 0x000002056a210000, 0x000002056a540000]
 total_blobs=23412 nmethods=22520 adapters=801
 compilation: enabled
              stopped_count=0, restarted_count=0
 full_count=0

Compilation events (20 events):
Event: 3680.143 Thread 0x0000020578d3a730 31042       3       org.eclipse.core.internal.resources.MarkerDeltaManager::newGeneration (110 bytes)
Event: 3680.144 Thread 0x0000020578d3a730 nmethod 31042 0x0000020565c44790 code [0x0000020565c449a0, 0x0000020565c450c8]
Event: 3680.800 Thread 0x0000020578d2f650 31043       4       org.eclipse.jdt.internal.compiler.lookup.ReferenceBinding::computeGenericTypeSignature (221 bytes)
Event: 3680.833 Thread 0x0000020578d2f650 nmethod 31043 0x000002056c109290 code [0x000002056c1094c0, 0x000002056c10a420]
Event: 3681.088 Thread 0x0000020578d3a730 31044       3       org.eclipse.jdt.ls.core.internal.preferences.ClientPreferences::isAdvancedIntroduceParameterRefactoringSupported (22 bytes)
Event: 3681.089 Thread 0x0000020578d3a730 nmethod 31044 0x0000020565c45410 code [0x0000020565c455e0, 0x0000020565c45928]
Event: 3681.089 Thread 0x0000020578d3a730 31045       3       org.eclipse.jdt.ls.core.internal.text.correction.RefactorProposalUtility::getIntroduceParameterRefactoringProposals (218 bytes)
Event: 3681.096 Thread 0x0000020578d3a730 nmethod 31045 0x0000020565c45a90 code [0x0000020565c46060, 0x0000020565c49368]
Event: 3681.096 Thread 0x0000020578d3a730 31046       3       org.eclipse.jdt.internal.corext.refactoring.code.IntroduceParameterRefactoring::<init> (51 bytes)
Event: 3681.097 Thread 0x0000020578d3a730 nmethod 31046 0x0000020565c4a710 code [0x0000020565c4a940, 0x0000020565c4b0b8]
Event: 3681.097 Thread 0x0000020578d3a730 31047   !   3       org.eclipse.jdt.internal.corext.refactoring.code.IntroduceParameterRefactoring::checkInitialConditions (786 bytes)
Event: 3681.103 Thread 0x0000020578d3a730 nmethod 31047 0x0000020565c4b410 code [0x0000020565c4bc40, 0x0000020565c51368]
Event: 3682.469 Thread 0x0000020578d2f650 31048   !   4       org.eclipse.core.internal.jobs.JobManager::select (160 bytes)
Event: 3682.514 Thread 0x0000020578d2f650 nmethod 31048 0x000002056c10ae10 code [0x000002056c10b080, 0x000002056c10c828]
Event: 3682.898 Thread 0x0000020578d2f650 31049       4       org.eclipse.jdt.ls.core.internal.text.correction.QuickAssistProcessor::getFullyCoveredNodes (42 bytes)
Event: 3682.902 Thread 0x0000020578d3a730 31050       3       org.eclipse.ltk.core.refactoring.RefactoringStatusEntry::<init> (11 bytes)
Event: 3682.902 Thread 0x0000020578d3a730 nmethod 31050 0x0000020565c53410 code [0x0000020565c535c0, 0x0000020565c53708]
Event: 3682.902 Thread 0x0000020578d2f650 nmethod 31049 0x000002056c10d490 code [0x000002056c10d640, 0x000002056c10d828]
Event: 3683.158 Thread 0x0000020578d3a730 31051       3       org.eclipse.jdt.internal.core.SourceConstructorInfo::getReturnTypeName (4 bytes)
Event: 3683.158 Thread 0x0000020578d3a730 nmethod 31051 0x0000020565c53810 code [0x0000020565c539a0, 0x0000020565c53ab8]

GC Heap History (20 events):
Event: 3680.807 GC heap after
{Heap after GC invocations=9724 (full 248):
 PSYoungGen      total 7680K, used 532K [0x00000000eab00000, 0x00000000eb780000, 0x0000000100000000)
  eden space 4608K, 0% used [0x00000000eab00000,0x00000000eab00000,0x00000000eaf80000)
  from space 3072K, 17% used [0x00000000eb200000,0x00000000eb285200,0x00000000eb500000)
  to   space 1024K, 0% used [0x00000000eb680000,0x00000000eb680000,0x00000000eb780000)
 ParOldGen       total 329216K, used 319077K [0x00000000c0000000, 0x00000000d4180000, 0x00000000eab00000)
  object space 329216K, 96% used [0x00000000c0000000,0x00000000d3799528,0x00000000d4180000)
 Metaspace       used 112107K, committed 113664K, reserved 1179648K
  class space    used 11271K, committed 12032K, reserved 1048576K
}
Event: 3681.090 GC heap before
{Heap before GC invocations=9725 (full 248):
 PSYoungGen      total 7680K, used 5140K [0x00000000eab00000, 0x00000000eb780000, 0x0000000100000000)
  eden space 4608K, 99% used [0x00000000eab00000,0x00000000eaf7ffe8,0x00000000eaf80000)
  from space 3072K, 17% used [0x00000000eb200000,0x00000000eb285200,0x00000000eb500000)
  to   space 1024K, 0% used [0x00000000eb680000,0x00000000eb680000,0x00000000eb780000)
 ParOldGen       total 329216K, used 319077K [0x00000000c0000000, 0x00000000d4180000, 0x00000000eab00000)
  object space 329216K, 96% used [0x00000000c0000000,0x00000000d3799528,0x00000000d4180000)
 Metaspace       used 112117K, committed 113728K, reserved 1179648K
  class space    used 11271K, committed 12032K, reserved 1048576K
}
Event: 3681.093 GC heap after
{Heap after GC invocations=9725 (full 248):
 PSYoungGen      total 5120K, used 416K [0x00000000eab00000, 0x00000000eb700000, 0x0000000100000000)
  eden space 4608K, 0% used [0x00000000eab00000,0x00000000eab00000,0x00000000eaf80000)
  from space 512K, 81% used [0x00000000eb680000,0x00000000eb6e8000,0x00000000eb700000)
  to   space 1024K, 0% used [0x00000000eb500000,0x00000000eb500000,0x00000000eb600000)
 ParOldGen       total 329216K, used 319165K [0x00000000c0000000, 0x00000000d4180000, 0x00000000eab00000)
  object space 329216K, 96% used [0x00000000c0000000,0x00000000d37af528,0x00000000d4180000)
 Metaspace       used 112117K, committed 113728K, reserved 1179648K
  class space    used 11271K, committed 12032K, reserved 1048576K
}
Event: 3682.379 GC heap before
{Heap before GC invocations=9726 (full 248):
 PSYoungGen      total 5120K, used 5024K [0x00000000eab00000, 0x00000000eb700000, 0x0000000100000000)
  eden space 4608K, 100% used [0x00000000eab00000,0x00000000eaf80000,0x00000000eaf80000)
  from space 512K, 81% used [0x00000000eb680000,0x00000000eb6e8000,0x00000000eb700000)
  to   space 1024K, 0% used [0x00000000eb500000,0x00000000eb500000,0x00000000eb600000)
 ParOldGen       total 329216K, used 319165K [0x00000000c0000000, 0x00000000d4180000, 0x00000000eab00000)
  object space 329216K, 96% used [0x00000000c0000000,0x00000000d37af528,0x00000000d4180000)
 Metaspace       used 112130K, committed 113728K, reserved 1179648K
  class space    used 11271K, committed 12032K, reserved 1048576K
}
Event: 3682.382 GC heap after
{Heap after GC invocations=9726 (full 248):
 PSYoungGen      total 5632K, used 932K [0x00000000eab00000, 0x00000000eb700000, 0x0000000100000000)
  eden space 4608K, 0% used [0x00000000eab00000,0x00000000eab00000,0x00000000eaf80000)
  from space 1024K, 91% used [0x00000000eb500000,0x00000000eb5e9230,0x00000000eb600000)
  to   space 1024K, 0% used [0x00000000eb600000,0x00000000eb600000,0x00000000eb700000)
 ParOldGen       total 329216K, used 319165K [0x00000000c0000000, 0x00000000d4180000, 0x00000000eab00000)
  object space 329216K, 96% used [0x00000000c0000000,0x00000000d37af528,0x00000000d4180000)
 Metaspace       used 112130K, committed 113728K, reserved 1179648K
  class space    used 11271K, committed 12032K, reserved 1048576K
}
Event: 3682.404 GC heap before
{Heap before GC invocations=9727 (full 248):
 PSYoungGen      total 5632K, used 5540K [0x00000000eab00000, 0x00000000eb700000, 0x0000000100000000)
  eden space 4608K, 100% used [0x00000000eab00000,0x00000000eaf80000,0x00000000eaf80000)
  from space 1024K, 91% used [0x00000000eb500000,0x00000000eb5e9230,0x00000000eb600000)
  to   space 1024K, 0% used [0x00000000eb600000,0x00000000eb600000,0x00000000eb700000)
 ParOldGen       total 329216K, used 319165K [0x00000000c0000000, 0x00000000d4180000, 0x00000000eab00000)
  object space 329216K, 96% used [0x00000000c0000000,0x00000000d37af528,0x00000000d4180000)
 Metaspace       used 112130K, committed 113728K, reserved 1179648K
  class space    used 11271K, committed 12032K, reserved 1048576K
}
Event: 3682.407 GC heap after
{Heap after GC invocations=9727 (full 248):
 PSYoungGen      total 5632K, used 1001K [0x00000000eab00000, 0x00000000eb700000, 0x0000000100000000)
  eden space 4608K, 0% used [0x00000000eab00000,0x00000000eab00000,0x00000000eaf80000)
  from space 1024K, 97% used [0x00000000eb600000,0x00000000eb6fa440,0x00000000eb700000)
  to   space 2048K, 0% used [0x00000000eb300000,0x00000000eb300000,0x00000000eb500000)
 ParOldGen       total 329216K, used 319605K [0x00000000c0000000, 0x00000000d4180000, 0x00000000eab00000)
  object space 329216K, 97% used [0x00000000c0000000,0x00000000d381d528,0x00000000d4180000)
 Metaspace       used 112130K, committed 113728K, reserved 1179648K
  class space    used 11271K, committed 12032K, reserved 1048576K
}
Event: 3682.592 GC heap before
{Heap before GC invocations=9728 (full 248):
 PSYoungGen      total 5632K, used 5609K [0x00000000eab00000, 0x00000000eb700000, 0x0000000100000000)
  eden space 4608K, 100% used [0x00000000eab00000,0x00000000eaf80000,0x00000000eaf80000)
  from space 1024K, 97% used [0x00000000eb600000,0x00000000eb6fa440,0x00000000eb700000)
  to   space 2048K, 0% used [0x00000000eb300000,0x00000000eb300000,0x00000000eb500000)
 ParOldGen       total 329216K, used 319605K [0x00000000c0000000, 0x00000000d4180000, 0x00000000eab00000)
  object space 329216K, 97% used [0x00000000c0000000,0x00000000d381d528,0x00000000d4180000)
 Metaspace       used 112130K, committed 113728K, reserved 1179648K
  class space    used 11271K, committed 12032K, reserved 1048576K
}
Event: 3682.595 GC heap after
{Heap after GC invocations=9728 (full 248):
 PSYoungGen      total 6656K, used 1539K [0x00000000eab00000, 0x00000000eb680000, 0x0000000100000000)
  eden space 4608K, 0% used [0x00000000eab00000,0x00000000eab00000,0x00000000eaf80000)
  from space 2048K, 75% used [0x00000000eb300000,0x00000000eb480d20,0x00000000eb500000)
  to   space 1536K, 0% used [0x00000000eb500000,0x00000000eb500000,0x00000000eb680000)
 ParOldGen       total 329216K, used 319709K [0x00000000c0000000, 0x00000000d4180000, 0x00000000eab00000)
  object space 329216K, 97% used [0x00000000c0000000,0x00000000d3837528,0x00000000d4180000)
 Metaspace       used 112130K, committed 113728K, reserved 1179648K
  class space    used 11271K, committed 12032K, reserved 1048576K
}
Event: 3682.605 GC heap before
{Heap before GC invocations=9729 (full 248):
 PSYoungGen      total 6656K, used 6141K [0x00000000eab00000, 0x00000000eb680000, 0x0000000100000000)
  eden space 4608K, 99% used [0x00000000eab00000,0x00000000eaf7ea38,0x00000000eaf80000)
  from space 2048K, 75% used [0x00000000eb300000,0x00000000eb480d20,0x00000000eb500000)
  to   space 1536K, 0% used [0x00000000eb500000,0x00000000eb500000,0x00000000eb680000)
 ParOldGen       total 329216K, used 319709K [0x00000000c0000000, 0x00000000d4180000, 0x00000000eab00000)
  object space 329216K, 97% used [0x00000000c0000000,0x00000000d3837528,0x00000000d4180000)
 Metaspace       used 112130K, committed 113728K, reserved 1179648K
  class space    used 11271K, committed 12032K, reserved 1048576K
}
Event: 3682.607 GC heap after
{Heap after GC invocations=9729 (full 248):
 PSYoungGen      total 6144K, used 1390K [0x00000000eab00000, 0x00000000eb680000, 0x0000000100000000)
  eden space 4608K, 0% used [0x00000000eab00000,0x00000000eab00000,0x00000000eaf80000)
  from space 1536K, 90% used [0x00000000eb500000,0x00000000eb65bb20,0x00000000eb680000)
  to   space 1536K, 0% used [0x00000000eb380000,0x00000000eb380000,0x00000000eb500000)
 ParOldGen       total 329216K, used 319709K [0x00000000c0000000, 0x00000000d4180000, 0x00000000eab00000)
  object space 329216K, 97% used [0x00000000c0000000,0x00000000d3837528,0x00000000d4180000)
 Metaspace       used 112130K, committed 113728K, reserved 1179648K
  class space    used 11271K, committed 12032K, reserved 1048576K
}
Event: 3682.618 GC heap before
{Heap before GC invocations=9730 (full 248):
 PSYoungGen      total 6144K, used 5998K [0x00000000eab00000, 0x00000000eb680000, 0x0000000100000000)
  eden space 4608K, 100% used [0x00000000eab00000,0x00000000eaf80000,0x00000000eaf80000)
  from space 1536K, 90% used [0x00000000eb500000,0x00000000eb65bb20,0x00000000eb680000)
  to   space 1536K, 0% used [0x00000000eb380000,0x00000000eb380000,0x00000000eb500000)
 ParOldGen       total 329216K, used 319709K [0x00000000c0000000, 0x00000000d4180000, 0x00000000eab00000)
  object space 329216K, 97% used [0x00000000c0000000,0x00000000d3837528,0x00000000d4180000)
 Metaspace       used 112130K, committed 113728K, reserved 1179648K
  class space    used 11271K, committed 12032K, reserved 1048576K
}
Event: 3682.622 GC heap after
{Heap after GC invocations=9730 (full 248):
 PSYoungGen      total 7168K, used 1507K [0x00000000eab00000, 0x00000000eb580000, 0x0000000100000000)
  eden space 5632K, 0% used [0x00000000eab00000,0x00000000eab00000,0x00000000eb080000)
  from space 1536K, 98% used [0x00000000eb380000,0x00000000eb4f8d20,0x00000000eb500000)
  to   space 512K, 0% used [0x00000000eb500000,0x00000000eb500000,0x00000000eb580000)
 ParOldGen       total 329216K, used 319997K [0x00000000c0000000, 0x00000000d4180000, 0x00000000eab00000)
  object space 329216K, 97% used [0x00000000c0000000,0x00000000d387f548,0x00000000d4180000)
 Metaspace       used 112130K, committed 113728K, reserved 1179648K
  class space    used 11271K, committed 12032K, reserved 1048576K
}
Event: 3682.914 GC heap before
{Heap before GC invocations=9731 (full 248):
 PSYoungGen      total 7168K, used 7139K [0x00000000eab00000, 0x00000000eb580000, 0x0000000100000000)
  eden space 5632K, 100% used [0x00000000eab00000,0x00000000eb080000,0x00000000eb080000)
  from space 1536K, 98% used [0x00000000eb380000,0x00000000eb4f8d20,0x00000000eb500000)
  to   space 512K, 0% used [0x00000000eb500000,0x00000000eb500000,0x00000000eb580000)
 ParOldGen       total 329216K, used 319997K [0x00000000c0000000, 0x00000000d4180000, 0x00000000eab00000)
  object space 329216K, 97% used [0x00000000c0000000,0x00000000d387f548,0x00000000d4180000)
 Metaspace       used 112130K, committed 113728K, reserved 1179648K
  class space    used 11271K, committed 12032K, reserved 1048576K
}
Event: 3682.918 GC heap after
{Heap after GC invocations=9731 (full 248):
 PSYoungGen      total 6144K, used 494K [0x00000000eab00000, 0x00000000eb580000, 0x0000000100000000)
  eden space 5632K, 0% used [0x00000000eab00000,0x00000000eab00000,0x00000000eb080000)
  from space 512K, 96% used [0x00000000eb500000,0x00000000eb57bb00,0x00000000eb580000)
  to   space 2560K, 0% used [0x00000000eb080000,0x00000000eb080000,0x00000000eb300000)
 ParOldGen       total 329216K, used 321826K [0x00000000c0000000, 0x00000000d4180000, 0x00000000eab00000)
  object space 329216K, 97% used [0x00000000c0000000,0x00000000d3a489f8,0x00000000d4180000)
 Metaspace       used 112130K, committed 113728K, reserved 1179648K
  class space    used 11271K, committed 12032K, reserved 1048576K
}
Event: 3683.198 GC heap before
{Heap before GC invocations=9732 (full 248):
 PSYoungGen      total 6144K, used 6126K [0x00000000eab00000, 0x00000000eb580000, 0x0000000100000000)
  eden space 5632K, 100% used [0x00000000eab00000,0x00000000eb080000,0x00000000eb080000)
  from space 512K, 96% used [0x00000000eb500000,0x00000000eb57bb00,0x00000000eb580000)
  to   space 2560K, 0% used [0x00000000eb080000,0x00000000eb080000,0x00000000eb300000)
 ParOldGen       total 329216K, used 321826K [0x00000000c0000000, 0x00000000d4180000, 0x00000000eab00000)
  object space 329216K, 97% used [0x00000000c0000000,0x00000000d3a489f8,0x00000000d4180000)
 Metaspace       used 112130K, committed 113728K, reserved 1179648K
  class space    used 11271K, committed 12032K, reserved 1048576K
}
Event: 3683.202 GC heap after
{Heap after GC invocations=9732 (full 248):
 PSYoungGen      total 8192K, used 2557K [0x00000000eab00000, 0x00000000eb880000, 0x0000000100000000)
  eden space 5632K, 0% used [0x00000000eab00000,0x00000000eab00000,0x00000000eb080000)
  from space 2560K, 99% used [0x00000000eb080000,0x00000000eb2ff780,0x00000000eb300000)
  to   space 4096K, 0% used [0x00000000eb480000,0x00000000eb480000,0x00000000eb880000)
 ParOldGen       total 329216K, used 323058K [0x00000000c0000000, 0x00000000d4180000, 0x00000000eab00000)
  object space 329216K, 98% used [0x00000000c0000000,0x00000000d3b7c9f8,0x00000000d4180000)
 Metaspace       used 112130K, committed 113728K, reserved 1179648K
  class space    used 11271K, committed 12032K, reserved 1048576K
}
Event: 3683.235 GC heap before
{Heap before GC invocations=9733 (full 248):
 PSYoungGen      total 8192K, used 8189K [0x00000000eab00000, 0x00000000eb880000, 0x0000000100000000)
  eden space 5632K, 100% used [0x00000000eab00000,0x00000000eb080000,0x00000000eb080000)
  from space 2560K, 99% used [0x00000000eb080000,0x00000000eb2ff780,0x00000000eb300000)
  to   space 4096K, 0% used [0x00000000eb480000,0x00000000eb480000,0x00000000eb880000)
 ParOldGen       total 329216K, used 323058K [0x00000000c0000000, 0x00000000d4180000, 0x00000000eab00000)
  object space 329216K, 98% used [0x00000000c0000000,0x00000000d3b7c9f8,0x00000000d4180000)
 Metaspace       used 112130K, committed 113728K, reserved 1179648K
  class space    used 11271K, committed 12032K, reserved 1048576K
}
Event: 3683.240 GC heap after
{Heap after GC invocations=9733 (full 248):
 PSYoungGen      total 4608K, used 4087K [0x00000000eab00000, 0x00000000ec280000, 0x0000000100000000)
  eden space 512K, 0% used [0x00000000eab00000,0x00000000eab00000,0x00000000eab80000)
  from space 4096K, 99% used [0x00000000eb480000,0x00000000eb87dc80,0x00000000eb880000)
  to   space 9216K, 0% used [0x00000000eab80000,0x00000000eab80000,0x00000000eb480000)
 ParOldGen       total 329216K, used 327003K [0x00000000c0000000, 0x00000000d4180000, 0x00000000eab00000)
  object space 329216K, 99% used [0x00000000c0000000,0x00000000d3f56df8,0x00000000d4180000)
 Metaspace       used 112130K, committed 113728K, reserved 1179648K
  class space    used 11271K, committed 12032K, reserved 1048576K
}
Event: 3683.240 GC heap before
{Heap before GC invocations=9734 (full 249):
 PSYoungGen      total 4608K, used 4087K [0x00000000eab00000, 0x00000000ec280000, 0x0000000100000000)
  eden space 512K, 0% used [0x00000000eab00000,0x00000000eab00000,0x00000000eab80000)
  from space 4096K, 99% used [0x00000000eb480000,0x00000000eb87dc80,0x00000000eb880000)
  to   space 9216K, 0% used [0x00000000eab80000,0x00000000eab80000,0x00000000eb480000)
 ParOldGen       total 329216K, used 327003K [0x00000000c0000000, 0x00000000d4180000, 0x00000000eab00000)
  object space 329216K, 99% used [0x00000000c0000000,0x00000000d3f56df8,0x00000000d4180000)
 Metaspace       used 112130K, committed 113728K, reserved 1179648K
  class space    used 11271K, committed 12032K, reserved 1048576K
}

Dll operation events (14 events):
Event: 0.051 Loaded shared library c:\Users\SAI DASARATH\.vscode\extensions\redhat.java-1.33.0-win32-x64\jre\17.0.11-win32-x86_64\bin\java.dll
Event: 0.288 Loaded shared library c:\Users\SAI DASARATH\.vscode\extensions\redhat.java-1.33.0-win32-x64\jre\17.0.11-win32-x86_64\bin\zip.dll
Event: 0.294 Loaded shared library C:\Users\SAI DASARATH\.vscode\extensions\redhat.java-1.33.0-win32-x64\jre\17.0.11-win32-x86_64\bin\instrument.dll
Event: 0.327 Loaded shared library C:\Users\SAI DASARATH\.vscode\extensions\redhat.java-1.33.0-win32-x64\jre\17.0.11-win32-x86_64\bin\net.dll
Event: 0.330 Loaded shared library C:\Users\SAI DASARATH\.vscode\extensions\redhat.java-1.33.0-win32-x64\jre\17.0.11-win32-x86_64\bin\nio.dll
Event: 0.341 Loaded shared library C:\Users\SAI DASARATH\.vscode\extensions\redhat.java-1.33.0-win32-x64\jre\17.0.11-win32-x86_64\bin\zip.dll
Event: 0.367 Loaded shared library C:\Users\SAI DASARATH\.vscode\extensions\redhat.java-1.33.0-win32-x64\jre\17.0.11-win32-x86_64\bin\jimage.dll
Event: 0.477 Loaded shared library c:\Users\SAI DASARATH\.vscode\extensions\redhat.java-1.33.0-win32-x64\jre\17.0.11-win32-x86_64\bin\verify.dll
Event: 11.815 Loaded shared library C:\Users\SAI DASARATH\AppData\Roaming\Code\User\globalStorage\redhat.java\1.33.0\config_win\org.eclipse.equinox.launcher\org.eclipse.equinox.launcher.win32.win32.x86_64_1.2.1100.v20240722-2106\eclipse_11904.dll
Event: 29.986 Loaded shared library C:\Users\SAI DASARATH\AppData\Local\Temp\jna-365597107\jna12283944890573027347.dll
Event: 33.531 Loaded shared library C:\Users\SAI DASARATH\.vscode\extensions\redhat.java-1.33.0-win32-x64\jre\17.0.11-win32-x86_64\bin\sunmscapi.dll
Event: 33.664 Loaded shared library C:\Users\SAI DASARATH\.vscode\extensions\redhat.java-1.33.0-win32-x64\jre\17.0.11-win32-x86_64\bin\extnet.dll
Event: 2535.636 Loaded shared library C:\Users\SAI DASARATH\.vscode\extensions\redhat.java-1.33.0-win32-x64\jre\17.0.11-win32-x86_64\bin\management.dll
Event: 2535.648 Loaded shared library C:\Users\SAI DASARATH\.vscode\extensions\redhat.java-1.33.0-win32-x64\jre\17.0.11-win32-x86_64\bin\management_ext.dll

Deoptimization events (20 events):
Event: 3672.007 Thread 0x000002057dfc5040 Uncommon trap: trap_request=0xffffff45 fr.pc=0x000002056a5cb4e8 relative=0x00000000000002c8
Event: 3672.007 Thread 0x000002057dfc5040 Uncommon trap: reason=unstable_if action=reinterpret pc=0x000002056a5cb4e8 method=java.lang.String.getChars(II[CI)V @ 23 c2
Event: 3672.007 Thread 0x000002057dfc5040 DEOPT PACKING pc=0x000002056a5cb4e8 sp=0x0000005ebaffec10
Event: 3672.007 Thread 0x000002057dfc5040 DEOPT UNPACKING pc=0x0000020569ff9ea3 sp=0x0000005ebaffeba8 mode 2
Event: 3672.007 Thread 0x000002057dfc5040 Uncommon trap: trap_request=0xffffff45 fr.pc=0x000002056b1b6940 relative=0x00000000000004a0
Event: 3672.007 Thread 0x000002057dfc5040 Uncommon trap: reason=unstable_if action=reinterpret pc=0x000002056b1b6940 method=java.lang.AbstractStringBuilder.appendChars([CII)V @ 43 c2
Event: 3672.007 Thread 0x000002057dfc5040 DEOPT PACKING pc=0x000002056b1b6940 sp=0x0000005ebaffec90
Event: 3672.007 Thread 0x000002057dfc5040 DEOPT UNPACKING pc=0x0000020569ff9ea3 sp=0x0000005ebaffebc8 mode 2
Event: 3672.007 Thread 0x000002057dfc5040 Uncommon trap: trap_request=0xffffff45 fr.pc=0x000002056a74d1ac relative=0x00000000000002ac
Event: 3672.007 Thread 0x000002057dfc5040 Uncommon trap: reason=unstable_if action=reinterpret pc=0x000002056a74d1ac method=java.lang.AbstractStringBuilder.appendChars([CII)V @ 10 c2
Event: 3672.007 Thread 0x000002057dfc5040 DEOPT PACKING pc=0x000002056a74d1ac sp=0x0000005ebaffec20
Event: 3672.007 Thread 0x000002057dfc5040 DEOPT UNPACKING pc=0x0000020569ff9ea3 sp=0x0000005ebaffebb8 mode 2
Event: 3673.280 Thread 0x000002057dfc5040 Uncommon trap: trap_request=0xffffff45 fr.pc=0x000002056bb15c80 relative=0x0000000000006d80
Event: 3673.280 Thread 0x000002057dfc5040 Uncommon trap: reason=unstable_if action=reinterpret pc=0x000002056bb15c80 method=org.eclipse.jdt.internal.compiler.parser.AbstractCommentParser.commentParse()Z @ 1179 c2
Event: 3673.280 Thread 0x000002057dfc5040 DEOPT PACKING pc=0x000002056bb15c80 sp=0x0000005ebaffe060
Event: 3673.280 Thread 0x000002057dfc5040 DEOPT UNPACKING pc=0x0000020569ff9ea3 sp=0x0000005ebaffe090 mode 2
Event: 3676.124 Thread 0x000002057dfc6990 Uncommon trap: trap_request=0xffffff45 fr.pc=0x000002056b99c498 relative=0x0000000000001278
Event: 3676.124 Thread 0x000002057dfc6990 Uncommon trap: reason=unstable_if action=reinterpret pc=0x000002056b99c498 method=org.eclipse.jdt.core.dom.DefaultBindingResolver.internalGetTypeBinding(Lorg/eclipse/jdt/internal/compiler/lookup/TypeBinding;Lorg/eclipse/jdt/core/dom/IBinding;)Lorg/eclipse
Event: 3676.124 Thread 0x000002057dfc6990 DEOPT PACKING pc=0x000002056b99c498 sp=0x0000005eb9efe810
Event: 3676.124 Thread 0x000002057dfc6990 DEOPT UNPACKING pc=0x0000020569ff9ea3 sp=0x0000005eb9efe7d0 mode 2

Classes unloaded (20 events):
Event: 2183.786 Thread 0x0000020573b57590 Unloading class 0x00000001007f0c00 'java/lang/invoke/LambdaForm$MH+0x00000001007f0c00'
Event: 2183.786 Thread 0x0000020573b57590 Unloading class 0x00000001007f0800 'java/lang/invoke/LambdaForm$MH+0x00000001007f0800'
Event: 2962.113 Thread 0x0000020573b57590 Unloading class 0x0000000100926000 'java/lang/invoke/LambdaForm$MH+0x0000000100926000'
Event: 2962.113 Thread 0x0000020573b57590 Unloading class 0x0000000100929400 'java/lang/invoke/LambdaForm$MH+0x0000000100929400'
Event: 2962.113 Thread 0x0000020573b57590 Unloading class 0x0000000100929000 'java/lang/invoke/LambdaForm$MH+0x0000000100929000'
Event: 2962.113 Thread 0x0000020573b57590 Unloading class 0x000000010092ac00 'java/lang/invoke/LambdaForm$MH+0x000000010092ac00'
Event: 2962.113 Thread 0x0000020573b57590 Unloading class 0x000000010092a800 'java/lang/invoke/LambdaForm$MH+0x000000010092a800'
Event: 3612.124 Thread 0x0000020573b57590 Unloading class 0x0000000100b81000 'java/lang/invoke/LambdaForm$MH+0x0000000100b81000'
Event: 3612.125 Thread 0x0000020573b57590 Unloading class 0x0000000100b80c00 'java/lang/invoke/LambdaForm$MH+0x0000000100b80c00'
Event: 3612.125 Thread 0x0000020573b57590 Unloading class 0x0000000100b80800 'java/lang/invoke/LambdaForm$MH+0x0000000100b80800'
Event: 3612.126 Thread 0x0000020573b57590 Unloading class 0x0000000100b65c00 'java/lang/invoke/LambdaForm$MH+0x0000000100b65c00'
Event: 3612.126 Thread 0x0000020573b57590 Unloading class 0x0000000100b65800 'java/lang/invoke/LambdaForm$MH+0x0000000100b65800'
Event: 3612.127 Thread 0x0000020573b57590 Unloading class 0x0000000100b65400 'java/lang/invoke/LambdaForm$MH+0x0000000100b65400'
Event: 3612.127 Thread 0x0000020573b57590 Unloading class 0x0000000100b65000 'java/lang/invoke/LambdaForm$MH+0x0000000100b65000'
Event: 3612.127 Thread 0x0000020573b57590 Unloading class 0x0000000100b64c00 'java/lang/invoke/LambdaForm$MH+0x0000000100b64c00'
Event: 3612.127 Thread 0x0000020573b57590 Unloading class 0x0000000100b64800 'java/lang/invoke/LambdaForm$MH+0x0000000100b64800'
Event: 3612.127 Thread 0x0000020573b57590 Unloading class 0x0000000100b64400 'java/lang/invoke/LambdaForm$MH+0x0000000100b64400'
Event: 3612.127 Thread 0x0000020573b57590 Unloading class 0x000000010092f400 'java/lang/invoke/LambdaForm$MH+0x000000010092f400'
Event: 3612.127 Thread 0x0000020573b57590 Unloading class 0x000000010021c400 'java/lang/invoke/LambdaForm$MH+0x000000010021c400'
Event: 3612.128 Thread 0x0000020573b57590 Unloading class 0x000000010021c000 'java/lang/invoke/LambdaForm$MH+0x000000010021c000'

Classes redefined (0 events):
No events

Internal exceptions (20 events):
Event: 3662.679 Thread 0x000002057a4443c0 Exception <a 'sun/nio/fs/WindowsException'{0x00000000eae32180}> (0x00000000eae32180) 
thrown [s\src\hotspot\share\prims\jni.cpp, line 516]
Event: 3662.928 Thread 0x000002057a4443c0 Exception <a 'sun/nio/fs/WindowsException'{0x00000000eabeb580}> (0x00000000eabeb580) 
thrown [s\src\hotspot\share\prims\jni.cpp, line 516]
Event: 3663.638 Thread 0x000002057dfc5040 Exception <a 'java/lang/ClassNotFoundException'{0x00000000eb1608c0}: sun/net/www/protocol/jdt/Handler> (0x00000000eb1608c0) 
thrown [s\src\hotspot\share\classfile\systemDictionary.cpp, line 256]
Event: 3663.638 Thread 0x000002057dfc5040 Exception <a 'java/lang/ClassNotFoundException'{0x00000000eb1732e0}: sun/net/www/protocol/jdt/Handler> (0x00000000eb1732e0) 
thrown [s\src\hotspot\share\classfile\systemDictionary.cpp, line 256]
Event: 3665.669 Thread 0x000002057a4443c0 Exception <a 'sun/nio/fs/WindowsException'{0x00000000eac16bc0}> (0x00000000eac16bc0) 
thrown [s\src\hotspot\share\prims\jni.cpp, line 516]
Event: 3665.949 Thread 0x000002057a4443c0 Exception <a 'sun/nio/fs/WindowsException'{0x00000000eb415a60}> (0x00000000eb415a60) 
thrown [s\src\hotspot\share\prims\jni.cpp, line 516]
Event: 3667.247 Thread 0x000002057a4443c0 Exception <a 'sun/nio/fs/WindowsException'{0x00000000ead5e6d8}> (0x00000000ead5e6d8) 
thrown [s\src\hotspot\share\prims\jni.cpp, line 516]
Event: 3667.452 Thread 0x000002057a4443c0 Exception <a 'sun/nio/fs/WindowsException'{0x00000000eaff0ac0}> (0x00000000eaff0ac0) 
thrown [s\src\hotspot\share\prims\jni.cpp, line 516]
Event: 3669.718 Thread 0x000002057a4443c0 Exception <a 'sun/nio/fs/WindowsException'{0x00000000eaf528c8}> (0x00000000eaf528c8) 
thrown [s\src\hotspot\share\prims\jni.cpp, line 516]
Event: 3670.012 Thread 0x000002057a4443c0 Exception <a 'sun/nio/fs/WindowsException'{0x00000000eafbef90}> (0x00000000eafbef90) 
thrown [s\src\hotspot\share\prims\jni.cpp, line 516]
Event: 3670.595 Thread 0x000002057dfc5040 Exception <a 'java/lang/ClassNotFoundException'{0x00000000eaf391a0}: sun/net/www/protocol/jdt/Handler> (0x00000000eaf391a0) 
thrown [s\src\hotspot\share\classfile\systemDictionary.cpp, line 256]
Event: 3670.595 Thread 0x000002057dfc5040 Exception <a 'java/lang/ClassNotFoundException'{0x00000000eaf3b840}: sun/net/www/protocol/jdt/Handler> (0x00000000eaf3b840) 
thrown [s\src\hotspot\share\classfile\systemDictionary.cpp, line 256]
Event: 3671.508 Thread 0x000002057a4443c0 Exception <a 'sun/nio/fs/WindowsException'{0x00000000eacd37e0}> (0x00000000eacd37e0) 
thrown [s\src\hotspot\share\prims\jni.cpp, line 516]
Event: 3671.763 Thread 0x000002057a4443c0 Exception <a 'sun/nio/fs/WindowsException'{0x00000000eac95910}> (0x00000000eac95910) 
thrown [s\src\hotspot\share\prims\jni.cpp, line 516]
Event: 3672.004 Thread 0x000002057dfc5040 Exception <a 'java/lang/ClassNotFoundException'{0x00000000eab418c0}: sun/net/www/protocol/jdt/Handler> (0x00000000eab418c0) 
thrown [s\src\hotspot\share\classfile\systemDictionary.cpp, line 256]
Event: 3673.177 Thread 0x000002057a4443c0 Exception <a 'sun/nio/fs/WindowsException'{0x00000000eaf16d70}> (0x00000000eaf16d70) 
thrown [s\src\hotspot\share\prims\jni.cpp, line 516]
Event: 3673.458 Thread 0x000002057a4443c0 Exception <a 'sun/nio/fs/WindowsException'{0x00000000eaea07a8}> (0x00000000eaea07a8) 
thrown [s\src\hotspot\share\prims\jni.cpp, line 516]
Event: 3680.002 Thread 0x000002057a4443c0 Exception <a 'sun/nio/fs/WindowsException'{0x00000000eac10bd0}> (0x00000000eac10bd0) 
thrown [s\src\hotspot\share\prims\jni.cpp, line 516]
Event: 3680.265 Thread 0x000002057a4443c0 Exception <a 'sun/nio/fs/WindowsException'{0x00000000eac13fe0}> (0x00000000eac13fe0) 
thrown [s\src\hotspot\share\prims\jni.cpp, line 516]
Event: 3683.178 Thread 0x000002057a4443c0 Exception <a 'sun/nio/fs/WindowsException'{0x00000000eac7f1f8}> (0x00000000eac7f1f8) 
thrown [s\src\hotspot\share\prims\jni.cpp, line 516]

VM Operations (20 events):
Event: 3680.792 Executing VM operation: ParallelGCFailedAllocation done
Event: 3680.804 Executing VM operation: ParallelGCFailedAllocation
Event: 3680.807 Executing VM operation: ParallelGCFailedAllocation done
Event: 3681.090 Executing VM operation: ParallelGCFailedAllocation
Event: 3681.094 Executing VM operation: ParallelGCFailedAllocation done
Event: 3682.379 Executing VM operation: ParallelGCFailedAllocation
Event: 3682.382 Executing VM operation: ParallelGCFailedAllocation done
Event: 3682.404 Executing VM operation: ParallelGCFailedAllocation
Event: 3682.407 Executing VM operation: ParallelGCFailedAllocation done
Event: 3682.592 Executing VM operation: ParallelGCFailedAllocation
Event: 3682.595 Executing VM operation: ParallelGCFailedAllocation done
Event: 3682.605 Executing VM operation: ParallelGCFailedAllocation
Event: 3682.608 Executing VM operation: ParallelGCFailedAllocation done
Event: 3682.618 Executing VM operation: ParallelGCFailedAllocation
Event: 3682.623 Executing VM operation: ParallelGCFailedAllocation done
Event: 3682.914 Executing VM operation: ParallelGCFailedAllocation
Event: 3682.918 Executing VM operation: ParallelGCFailedAllocation done
Event: 3683.198 Executing VM operation: ParallelGCFailedAllocation
Event: 3683.202 Executing VM operation: ParallelGCFailedAllocation done
Event: 3683.235 Executing VM operation: ParallelGCFailedAllocation

Events (20 events):
Event: 3326.323 Thread 0x000002057dfc22b0 Thread exited: 0x000002057dfc22b0
Event: 3361.482 Thread 0x000002057dfc1da0 Thread exited: 0x000002057dfc1da0
Event: 3362.632 Thread 0x000002057a5a8ac0 Thread exited: 0x000002057a5a8ac0
Event: 3380.520 Thread 0x000002057d7c3f40 Thread exited: 0x000002057d7c3f40
Event: 3380.520 Thread 0x000002057d7c6cd0 Thread exited: 0x000002057d7c6cd0
Event: 3380.520 Thread 0x000002057dfc36f0 Thread exited: 0x000002057dfc36f0
Event: 3380.520 Thread 0x000002057c1dd4d0 Thread exited: 0x000002057c1dd4d0
Event: 3380.520 Thread 0x000002057a5a94e0 Thread exited: 0x000002057a5a94e0
Event: 3432.232 Thread 0x000002057c1d74a0 Thread exited: 0x000002057c1d74a0
Event: 3460.518 Thread 0x000002057dfc1da0 Thread added: 0x000002057dfc1da0
Event: 3460.523 Thread 0x000002057dfc1da0 Thread exited: 0x000002057dfc1da0
Event: 3508.507 Thread 0x000002057d7c71e0 Thread exited: 0x000002057d7c71e0
Event: 3565.990 Thread 0x000002057dfc6990 Thread added: 0x000002057dfc6990
Event: 3637.586 Thread 0x000002057dfc5a60 Thread added: 0x000002057dfc5a60
Event: 3637.745 Thread 0x000002057dfbff40 Thread added: 0x000002057dfbff40
Event: 3637.865 Thread 0x000002057dfc4b30 Thread added: 0x000002057dfc4b30
Event: 3639.818 Thread 0x000002057dfc5040 Thread added: 0x000002057dfc5040
Event: 3640.591 Thread 0x000002057dfc5550 Thread added: 0x000002057dfc5550
Event: 3643.785 Thread 0x000002057dfc1da0 Thread added: 0x000002057dfc1da0
Event: 3649.301 Thread 0x000002057dfc6ea0 Thread added: 0x000002057dfc6ea0


Dynamic libraries:
0x00007ff624440000 - 0x00007ff62444e000 	c:\Users\SAI DASARATH\.vscode\extensions\redhat.java-1.33.0-win32-x64\jre\17.0.11-win32-x86_64\bin\java.exe
0x00007ff8a9350000 - 0x00007ff8a9567000 	C:\WINDOWS\SYSTEM32\ntdll.dll
0x00007ff8a82b0000 - 0x00007ff8a8374000 	C:\WINDOWS\System32\KERNEL32.DLL
0x00007ff8a6830000 - 0x00007ff8a6bdd000 	C:\WINDOWS\System32\KERNELBASE.dll
0x00007ff8a6f60000 - 0x00007ff8a7071000 	C:\WINDOWS\System32\ucrtbase.dll
0x00007ff89bfc0000 - 0x00007ff89bfd7000 	c:\Users\SAI DASARATH\.vscode\extensions\redhat.java-1.33.0-win32-x64\jre\17.0.11-win32-x86_64\bin\jli.dll
0x00007ff8a7810000 - 0x00007ff8a79be000 	C:\WINDOWS\System32\USER32.dll
0x00007ff8a6800000 - 0x00007ff8a6826000 	C:\WINDOWS\System32\win32u.dll
0x00007ff8a8410000 - 0x00007ff8a8439000 	C:\WINDOWS\System32\GDI32.dll
0x00007ff8a66e0000 - 0x00007ff8a67f9000 	C:\WINDOWS\System32\gdi32full.dll
0x00007ff8a6e40000 - 0x00007ff8a6eda000 	C:\WINDOWS\System32\msvcp_win.dll
0x00007ff89ef90000 - 0x00007ff89efab000 	c:\Users\SAI DASARATH\.vscode\extensions\redhat.java-1.33.0-win32-x64\jre\17.0.11-win32-x86_64\bin\VCRUNTIME140.dll
0x00007ff88b9c0000 - 0x00007ff88bc53000 	C:\WINDOWS\WinSxS\amd64_microsoft.windows.common-controls_6595b64144ccf1df_6.0.22621.3672_none_2713b9d173822955\COMCTL32.dll
0x00007ff8a9260000 - 0x00007ff8a9307000 	C:\WINDOWS\System32\msvcrt.dll
0x00007ff8a85f0000 - 0x00007ff8a8621000 	C:\WINDOWS\System32\IMM32.DLL
0x00007ff8a0270000 - 0x00007ff8a027c000 	c:\Users\SAI DASARATH\.vscode\extensions\redhat.java-1.33.0-win32-x64\jre\17.0.11-win32-x86_64\bin\vcruntime140_1.dll
0x00007ff884cb0000 - 0x00007ff884d3d000 	c:\Users\SAI DASARATH\.vscode\extensions\redhat.java-1.33.0-win32-x64\jre\17.0.11-win32-x86_64\bin\msvcp140.dll
0x00007ff81bdb0000 - 0x00007ff81ca12000 	c:\Users\SAI DASARATH\.vscode\extensions\redhat.java-1.33.0-win32-x64\jre\17.0.11-win32-x86_64\bin\server\jvm.dll
0x00007ff8a91a0000 - 0x00007ff8a9252000 	C:\WINDOWS\System32\ADVAPI32.dll
0x00007ff8a7080000 - 0x00007ff8a7129000 	C:\WINDOWS\System32\sechost.dll
0x00007ff8a6e10000 - 0x00007ff8a6e38000 	C:\WINDOWS\System32\bcrypt.dll
0x00007ff8a8440000 - 0x00007ff8a8554000 	C:\WINDOWS\System32\RPCRT4.dll
0x00007ff8a6530000 - 0x00007ff8a657d000 	C:\WINDOWS\SYSTEM32\POWRPROF.dll
0x00007ff884110000 - 0x00007ff884119000 	C:\WINDOWS\SYSTEM32\WSOCK32.dll
0x00007ff8a8570000 - 0x00007ff8a85e1000 	C:\WINDOWS\System32\WS2_32.dll
0x00007ff89e580000 - 0x00007ff89e5b4000 	C:\WINDOWS\SYSTEM32\WINMM.dll
0x00007ff898ba0000 - 0x00007ff898baa000 	C:\WINDOWS\SYSTEM32\VERSION.dll
0x00007ff8a6510000 - 0x00007ff8a6523000 	C:\WINDOWS\SYSTEM32\UMPDC.dll
0x00007ff8a5660000 - 0x00007ff8a5678000 	C:\WINDOWS\SYSTEM32\kernel.appcore.dll
0x00007ff89f0d0000 - 0x00007ff89f0da000 	c:\Users\SAI DASARATH\.vscode\extensions\redhat.java-1.33.0-win32-x64\jre\17.0.11-win32-x86_64\bin\jimage.dll
0x00007ff8a4040000 - 0x00007ff8a4272000 	C:\WINDOWS\SYSTEM32\DBGHELP.DLL
0x00007ff8a7300000 - 0x00007ff8a768d000 	C:\WINDOWS\System32\combase.dll
0x00007ff8a71a0000 - 0x00007ff8a7277000 	C:\WINDOWS\System32\OLEAUT32.dll
0x00007ff880700000 - 0x00007ff880732000 	C:\WINDOWS\SYSTEM32\dbgcore.DLL
0x00007ff8a6ee0000 - 0x00007ff8a6f5b000 	C:\WINDOWS\System32\bcryptPrimitives.dll
0x00007ff89eea0000 - 0x00007ff89eeae000 	c:\Users\SAI DASARATH\.vscode\extensions\redhat.java-1.33.0-win32-x64\jre\17.0.11-win32-x86_64\bin\instrument.dll
0x00007ff88b260000 - 0x00007ff88b285000 	c:\Users\SAI DASARATH\.vscode\extensions\redhat.java-1.33.0-win32-x64\jre\17.0.11-win32-x86_64\bin\java.dll
0x00007ff88c520000 - 0x00007ff88c538000 	c:\Users\SAI DASARATH\.vscode\extensions\redhat.java-1.33.0-win32-x64\jre\17.0.11-win32-x86_64\bin\zip.dll
0x00007ff8a7a40000 - 0x00007ff8a82a7000 	C:\WINDOWS\System32\SHELL32.dll
0x00007ff8a4570000 - 0x00007ff8a4e6e000 	C:\WINDOWS\SYSTEM32\windows.storage.dll
0x00007ff8a4430000 - 0x00007ff8a456f000 	C:\WINDOWS\SYSTEM32\wintypes.dll
0x00007ff8a7690000 - 0x00007ff8a7789000 	C:\WINDOWS\System32\SHCORE.dll
0x00007ff8a7790000 - 0x00007ff8a77ee000 	C:\WINDOWS\System32\shlwapi.dll
0x00007ff8a65a0000 - 0x00007ff8a65c1000 	C:\WINDOWS\SYSTEM32\profapi.dll
0x00007ff88dd10000 - 0x00007ff88dd29000 	C:\Users\SAI DASARATH\.vscode\extensions\redhat.java-1.33.0-win32-x64\jre\17.0.11-win32-x86_64\bin\net.dll
0x00007ff89f7f0000 - 0x00007ff89f926000 	C:\WINDOWS\SYSTEM32\WINHTTP.dll
0x00007ff8a5ad0000 - 0x00007ff8a5b39000 	C:\WINDOWS\system32\mswsock.dll
0x00007ff88ad40000 - 0x00007ff88ad56000 	C:\Users\SAI DASARATH\.vscode\extensions\redhat.java-1.33.0-win32-x64\jre\17.0.11-win32-x86_64\bin\nio.dll
0x00007ff89e650000 - 0x00007ff89e660000 	c:\Users\SAI DASARATH\.vscode\extensions\redhat.java-1.33.0-win32-x64\jre\17.0.11-win32-x86_64\bin\verify.dll
0x00007ff874040000 - 0x00007ff874085000 	C:\Users\SAI DASARATH\AppData\Roaming\Code\User\globalStorage\redhat.java\1.33.0\config_win\org.eclipse.equinox.launcher\org.eclipse.equinox.launcher.win32.win32.x86_64_1.2.1100.v20240722-2106\eclipse_11904.dll
0x00007ff8a8a10000 - 0x00007ff8a8bb5000 	C:\WINDOWS\System32\ole32.dll
0x00007ff8a5cf0000 - 0x00007ff8a5d0b000 	C:\WINDOWS\SYSTEM32\CRYPTSP.dll
0x00007ff8a55c0000 - 0x00007ff8a55f5000 	C:\WINDOWS\system32\rsaenh.dll
0x00007ff8a5b70000 - 0x00007ff8a5b98000 	C:\WINDOWS\SYSTEM32\USERENV.dll
0x00007ff8a5d10000 - 0x00007ff8a5d1c000 	C:\WINDOWS\SYSTEM32\CRYPTBASE.dll
0x00007ff8a50d0000 - 0x00007ff8a50fd000 	C:\WINDOWS\SYSTEM32\IPHLPAPI.DLL
0x00007ff8a8630000 - 0x00007ff8a8639000 	C:\WINDOWS\System32\NSI.dll
0x00007ff89f4a0000 - 0x00007ff89f4b9000 	C:\WINDOWS\SYSTEM32\dhcpcsvc6.DLL
0x00007ff89f2d0000 - 0x00007ff89f2ef000 	C:\WINDOWS\SYSTEM32\dhcpcsvc.DLL
0x00007ff8a5140000 - 0x00007ff8a5238000 	C:\WINDOWS\SYSTEM32\DNSAPI.dll
0x00007ff873df0000 - 0x00007ff873e35000 	C:\Users\SAI DASARATH\AppData\Local\Temp\jna-365597107\jna12283944890573027347.dll
0x00007ff8a7190000 - 0x00007ff8a7198000 	C:\WINDOWS\System32\PSAPI.DLL
0x00007ff89f390000 - 0x00007ff89f39e000 	C:\Users\SAI DASARATH\.vscode\extensions\redhat.java-1.33.0-win32-x64\jre\17.0.11-win32-x86_64\bin\sunmscapi.dll
0x00007ff8a6ca0000 - 0x00007ff8a6e07000 	C:\WINDOWS\System32\CRYPT32.dll
0x00007ff8a5f10000 - 0x00007ff8a5f3e000 	C:\WINDOWS\SYSTEM32\ncrypt.dll
0x00007ff8a5ed0000 - 0x00007ff8a5f07000 	C:\WINDOWS\SYSTEM32\NTASN1.dll
0x00007ff89bfb0000 - 0x00007ff89bfba000 	C:\Windows\System32\rasadhlp.dll
0x00007ff89e030000 - 0x00007ff89e0b3000 	C:\WINDOWS\System32\fwpuclnt.dll
0x00007ff89c590000 - 0x00007ff89c599000 	C:\Users\SAI DASARATH\.vscode\extensions\redhat.java-1.33.0-win32-x64\jre\17.0.11-win32-x86_64\bin\extnet.dll
0x00007ff898c70000 - 0x00007ff898c79000 	C:\Users\SAI DASARATH\.vscode\extensions\redhat.java-1.33.0-win32-x64\jre\17.0.11-win32-x86_64\bin\management.dll
0x00007ff898c40000 - 0x00007ff898c4b000 	C:\Users\SAI DASARATH\.vscode\extensions\redhat.java-1.33.0-win32-x64\jre\17.0.11-win32-x86_64\bin\management_ext.dll
0x00007ff89b370000 - 0x00007ff89b378000 	C:\WINDOWS\system32\wshunix.dll

dbghelp: loaded successfully - version: 4.0.5 - missing functions: none
symbol engine: initialized successfully - sym options: 0x614 - pdb path: .;c:\Users\SAI DASARATH\.vscode\extensions\redhat.java-1.33.0-win32-x64\jre\17.0.11-win32-x86_64\bin;C:\WINDOWS\SYSTEM32;C:\WINDOWS\WinSxS\amd64_microsoft.windows.common-controls_6595b64144ccf1df_6.0.22621.3672_none_2713b9d173822955;c:\Users\SAI DASARATH\.vscode\extensions\redhat.java-1.33.0-win32-x64\jre\17.0.11-win32-x86_64\bin\server;C:\Users\SAI DASARATH\AppData\Roaming\Code\User\globalStorage\redhat.java\1.33.0\config_win\org.eclipse.equinox.launcher\org.eclipse.equinox.launcher.win32.win32.x86_64_1.2.1100.v20240722-2106;C:\Users\SAI DASARATH\AppData\Local\Temp\jna-365597107

VM Arguments:
jvm_args: --add-modules=ALL-SYSTEM --add-opens=java.base/java.util=ALL-UNNAMED --add-opens=java.base/java.lang=ALL-UNNAMED --add-opens=java.base/sun.nio.fs=ALL-UNNAMED -Declipse.application=org.eclipse.jdt.ls.core.id1 -Dosgi.bundles.defaultStartLevel=4 -Declipse.product=org.eclipse.jdt.ls.core.product -Djava.import.generatesMetadataFilesAtProjectRoot=false -DDetectVMInstallationsJob.disabled=true -Dfile.encoding=utf8 -XX:+UseParallelGC -XX:GCTimeRatio=4 -XX:AdaptiveSizePolicyWeight=90 -Dsun.zip.disableMemoryMapping=true -Xmx1G -Xms100m -Xlog:disable -javaagent:c:\Users\SAI DASARATH\.vscode\extensions\redhat.java-1.33.0-win32-x64\lombok\lombok-1.18.33.jar -XX:+HeapDumpOnOutOfMemoryError -XX:HeapDumpPath=c:\Users\SAI DASARATH\AppData\Roaming\Code\User\workspaceStorage\c0ab4f3cbd9bf0287593def99e062e7a\redhat.java -Daether.dependencyCollector.impl=bf 
java_command: c:\Users\SAI DASARATH\.vscode\extensions\redhat.java-1.33.0-win32-x64\server\plugins\org.eclipse.equinox.launcher_1.6.900.v20240613-2009.jar -configuration c:\Users\SAI DASARATH\AppData\Roaming\Code\User\globalStorage\redhat.java\1.33.0\config_win -data c:\Users\SAI DASARATH\AppData\Roaming\Code\User\workspaceStorage\c0ab4f3cbd9bf0287593def99e062e7a\redhat.java\jdt_ws --pipe=\\.\pipe\lsp-f63b87f824c54d5a14eea511e701f23f-sock
java_class_path (initial): c:\Users\SAI DASARATH\.vscode\extensions\redhat.java-1.33.0-win32-x64\server\plugins\org.eclipse.equinox.launcher_1.6.900.v20240613-2009.jar
Launcher Type: SUN_STANDARD

[Global flags]
    uintx AdaptiveSizePolicyWeight                 = 90                                        {product} {command line}
     intx CICompilerCount                          = 4                                         {product} {ergonomic}
    uintx GCTimeRatio                              = 4                                         {product} {command line}
     bool HeapDumpOnOutOfMemoryError               = true                                   {manageable} {command line}
    ccstr HeapDumpPath                             = c:\Users\SAI DASARATH\AppData\Roaming\Code\User\workspaceStorage\c0ab4f3cbd9bf0287593def99e062e7a\redhat.java         {manageable} {command line}
   size_t InitialHeapSize                          = 104857600                                 {product} {command line}
   size_t MaxHeapSize                              = 1073741824                                {product} {command line}
   size_t MaxNewSize                               = 357564416                                 {product} {ergonomic}
   size_t MinHeapDeltaBytes                        = 524288                                    {product} {ergonomic}
   size_t MinHeapSize                              = 104857600                                 {product} {command line}
   size_t NewSize                                  = 34603008                                  {product} {ergonomic}
    uintx NonNMethodCodeHeapSize                   = 5839372                                {pd product} {ergonomic}
    uintx NonProfiledCodeHeapSize                  = 122909434                              {pd product} {ergonomic}
   size_t OldSize                                  = 70254592                                  {product} {ergonomic}
    uintx ProfiledCodeHeapSize                     = 122909434                              {pd product} {ergonomic}
    uintx ReservedCodeCacheSize                    = 251658240                              {pd product} {ergonomic}
     bool SegmentedCodeCache                       = true                                      {product} {ergonomic}
   size_t SoftMaxHeapSize                          = 1073741824                             {manageable} {ergonomic}
     bool UseCompressedClassPointers               = true                           {product lp64_product} {ergonomic}
     bool UseCompressedOops                        = true                           {product lp64_product} {ergonomic}
     bool UseLargePagesIndividualAllocation        = false                                  {pd product} {ergonomic}
     bool UseParallelGC                            = true                                      {product} {command line}

Logging:
Log output configuration:
 #0: stdout all=off uptime,level,tags
 #1: stderr all=off uptime,level,tags

Environment Variables:
JAVA_HOME=C:\Program Files\Java\jdk-18.0.1.1
PATH=C:\Program Files\Java\jdk-18.0.1.1\bin;C:\Program Files (x86)\Common Files\Oracle\Java\javapath;C:\WINDOWS\system32;C:\WINDOWS;C:\WINDOWS\System32\Wbem;C:\WINDOWS\System32\WindowsPowerShell\v1.0\;C:\WINDOWS\System32\OpenSSH\;C:\Program Files\nodejs\;C:\Program Files\Git\cmd;C:\Program Files\Microsoft SQL Server\150\Tools\Binn\;C:\Program Files\Microsoft SQL Server\Client SDK\ODBC\170\Tools\Binn\;C:\Program Files\dotnet\;C:\Program Files (x86)\Microsoft SQL Server\160\DTS\Binn\;C:\Program Files\Azure Data Studio\bin;C:\Program Files (x86)\Microsoft SQL Server\150\Tools\Binn\;C:\Program Files\Microsoft SQL Server\150\DTS\Binn\;C:\Users\SAI DASARATH\AppData\Local\Programs\Python\Python311\Scripts\;C:\Users\SAI DASARATH\AppData\Local\Programs\Python\Python311\;C:\Program Files\MySQL\MySQL Shell 8.0\bin\;C:\Users\SAI DASARATH\AppData\Local\Microsoft\WindowsApps;;C:\Users\SAI DASARATH\AppData\Roaming\npm;C:\Users\SAI DASARATH\AppData\Local\Programs\mongosh\;C:\Users\SAI DASARATH\AppData\Local\Programs\Microsoft VS Code\bin;C:\Users\SAI DASARATH\.dotnet\tools;C:\Program Files\Azure Data Studio\bin
USERNAME=SAI DASARATH
OS=Windows_NT
PROCESSOR_IDENTIFIER=Intel64 Family 6 Model 126 Stepping 5, GenuineIntel
TMP=C:\Users\SAIDAS~1\AppData\Local\Temp
TEMP=C:\Users\SAIDAS~1\AppData\Local\Temp



Periodic native trim disabled


---------------  S Y S T E M  ---------------

OS:
 Windows 11 , 64 bit Build 22621 (10.0.22621.3958)
OS uptime: 3 days 21:48 hours
Hyper-V role detected

CPU: total 8 (initial active 8) (4 cores per cpu, 2 threads per core) family 6 model 126 stepping 5 microcode 0xb2, cx8, cmov, fxsr, ht, mmx, 3dnowpref, sse, sse2, sse3, ssse3, sse4.1, sse4.2, popcnt, lzcnt, tsc, tscinvbit, avx, avx2, aes, erms, clmul, bmi1, bmi2, adx, avx512f, avx512dq, avx512cd, avx512bw, avx512vl, sha, fma, vzeroupper, avx512_vpopcntdq, avx512_vpclmulqdq, avx512_vaes, avx512_vnni, clflush, clflushopt, avx512_vbmi2, avx512_vbmi, hv
Processor Information for all 8 processors :
  Max Mhz: 1190, Current Mhz: 991, Mhz Limit: 987

Memory: 4k page, system-wide physical 7969M (1168M free)
TotalPageFile size 16538M (AvailPageFile size 3111M)
current process WorkingSet (physical memory assigned to process): 644M, peak: 917M
current process commit charge ("private bytes"): 723M, peak: 857M

vm_info: OpenJDK 64-Bit Server VM (17.0.11+9) for windows-amd64 JRE (17.0.11+9), built on Apr 17 2024 06:07:48 by "admin" with MS VC++ 16.10 / 16.11 (VS2019)

END.
